#
# There is insufficient memory for the Java Runtime Environment to continue.
# Native memory allocation (mmap) failed to map 71827456 bytes for committing reserved memory.
# Possible reasons:
#   The system is out of physical RAM or swap space
#   In 32 bit mode, the process size limit was hit
# Possible solutions:
#   Reduce memory load on the system
#   Increase physical memory or swap space
#   Check if swap backing store is full
#   Use 64 bit Java on a 64 bit OS
#   Decrease Java heap size (-Xmx/-Xms)
#   Decrease number of Java threads
#   Decrease Java thread stack sizes (-Xss)
#   Set larger code cache with -XX:ReservedCodeCacheSize=
# This output file may be truncated or incomplete.
#
#  Out of Memory Error (os_linux.cpp:2640), pid=3836, tid=0x00007fc025cfc700
#
# JRE version: OpenJDK Runtime Environment (8.0_152-b01) (build 1.8.0_152-release-915-b01)
# Java VM: OpenJDK 64-Bit Server VM (25.152-b01 mixed mode linux-amd64 compressed oops)
# Failed to write core dump. Core dumps have been disabled. To enable core dumping, try "ulimit -c unlimited" before starting Java again
#

---------------  T H R E A D  ---------------

Current thread (0x00007fc038074000):  VMThread [stack: 0x00007fc025bfc000,0x00007fc025cfd000] [id=3843]

Stack: [0x00007fc025bfc000,0x00007fc025cfd000],  sp=0x00007fc025cfb4c0,  free space=1021k
Native frames: (J=compiled Java code, j=interpreted, Vv=VM code, C=native code)
V  [libjvm.so+0x9eb15d]  VMError::report_and_die()+0x15d
V  [libjvm.so+0x4b8eaa]  report_vm_out_of_memory(char const*, int, unsigned long, VMErrorType, char const*)+0x8a
V  [libjvm.so+0x851370]  os::pd_commit_memory(char*, unsigned long, unsigned long, bool)+0xf0
V  [libjvm.so+0x84be8f]  os::commit_memory(char*, unsigned long, unsigned long, bool)+0x1f
V  [libjvm.so+0x8c261b]  PSVirtualSpace::expand_by(unsigned long)+0x5b
V  [libjvm.so+0x8c3290]  PSYoungGen::resize_generation(unsigned long, unsigned long)+0xb0
V  [libjvm.so+0x8c35ab]  PSYoungGen::resize(unsigned long, unsigned long)+0x1b
V  [libjvm.so+0x8bfc9c]  PSScavenge::invoke_no_policy()+0xdac
V  [libjvm.so+0x8c0478]  PSScavenge::invoke()+0x38
V  [libjvm.so+0x8748f3]  ParallelScavengeHeap::failed_mem_allocate(unsigned long)+0x63
V  [libjvm.so+0x9ecc84]  VM_ParallelGCFailedAllocation::doit()+0x84
V  [libjvm.so+0x9f1197]  VM_Operation::evaluate()+0x47
V  [libjvm.so+0x9efb78]  VMThread::evaluate_operation(VM_Operation*)+0x2c8
V  [libjvm.so+0x9efff9]  VMThread::loop()+0x219
V  [libjvm.so+0x9f0442]  VMThread::run()+0x72
V  [libjvm.so+0x84e792]  java_start(Thread*)+0xf2

VM_Operation (0x00007fbfe8d1b7d0): ParallelGCFailedAllocation, mode: safepoint, requested by thread 0x00007fc038a24000


---------------  P R O C E S S  ---------------

Java Threads: ( => current thread )
  0x00007fc038a24000 JavaThread "Cache worker for task history cache (/home/hayden/AndroidStudioProjects/hayden_calc/android/.gradle/4.1/taskHistory)" [_thread_blocked, id=7297, stack(0x00007fbfe8c1c000,0x00007fbfe8d1d000)]
  0x00007fc038a26000 JavaThread "build operations Thread 2" [_thread_blocked, id=7288, stack(0x00007fbfeadf8000,0x00007fbfeaef9000)]
  0x00007fc038a25800 JavaThread "build operations" [_thread_blocked, id=7287, stack(0x00007fbfeaef9000,0x00007fbfeaffa000)]
  0x00007fc038147800 JavaThread "Cache worker for Artifact transforms cache (/home/hayden/.gradle/caches/transforms-1)" [_thread_blocked, id=7286, stack(0x00007fbfeb7fa000,0x00007fbfeb8fb000)]
  0x00007fc038146800 JavaThread "Cache worker for file hash cache (/home/hayden/AndroidStudioProjects/hayden_calc/android/.gradle/4.1/fileHashes)" [_thread_blocked, id=7285, stack(0x00007fbfebcfd000,0x00007fbfebdfe000)]
  0x00007fc038145000 JavaThread "Stdin handler" [_thread_blocked, id=7284, stack(0x00007fbfebdfe000,0x00007fbfebeff000)]
  0x00007fc038144000 JavaThread "Asynchronous log dispatcher for DefaultDaemonConnection: socket connection from /0:0:0:0:0:0:0:1:46029 to /0:0:0:0:0:0:0:1:48690" [_thread_blocked, id=7282, stack(0x00007fbffc0b1000,0x00007fbffc1b2000)]
  0x00007fbff0007800 JavaThread "Daemon worker Thread 3" [_thread_blocked, id=7280, stack(0x00007fbfe861a000,0x00007fbfe871b000)]
  0x00007fbff0005800 JavaThread "Cancel handler" [_thread_blocked, id=7279, stack(0x00007fbfebeff000,0x00007fbfec000000)]
  0x00007fbff000b000 JavaThread "Handler for socket connection from /0:0:0:0:0:0:0:1:46029 to /0:0:0:0:0:0:0:1:48690" [_thread_in_native, id=7278, stack(0x00007fbffc1b2000,0x00007fbffc2b3000)]
  0x00007fbff4018800 JavaThread "Daemon Thread 3" [_thread_blocked, id=7277, stack(0x00007fbffc2b3000,0x00007fbffc3b4000)]
  0x00007fbfe4c7d800 JavaThread "Memory manager" [_thread_blocked, id=3872, stack(0x00007fbfe9e34000,0x00007fbfe9f35000)]
  0x00007fbfe412c000 JavaThread "File lock request listener" [_thread_in_native, id=3863, stack(0x00007fbfeb8fb000,0x00007fbfeb9fc000)]
  0x00007fbfe413a800 JavaThread "Cache worker for file hash cache (/home/hayden/.gradle/caches/4.1/fileHashes)" [_thread_blocked, id=3862, stack(0x00007fbfeb9fc000,0x00007fbfebafd000)]
  0x00007fc038c9d000 JavaThread "Daemon periodic checks" [_thread_blocked, id=3853, stack(0x00007fbffc3b4000,0x00007fbffc4b5000)]
  0x00007fc038c82800 JavaThread "Incoming local TCP Connector on port 46029" [_thread_in_native, id=3852, stack(0x00007fbffc4bc000,0x00007fbffc5bd000)]
  0x00007fc0380ba800 JavaThread "Service Thread" daemon [_thread_blocked, id=3849, stack(0x00007fc024c37000,0x00007fc024d38000)]
  0x00007fc0380b7800 JavaThread "C1 CompilerThread1" daemon [_thread_blocked, id=3848, stack(0x00007fc024d38000,0x00007fc024e39000)]
  0x00007fc0380b5000 JavaThread "C2 CompilerThread0" daemon [_thread_blocked, id=3847, stack(0x00007fc024e39000,0x00007fc024f3a000)]
  0x00007fc0380b3800 JavaThread "Signal Dispatcher" daemon [_thread_blocked, id=3846, stack(0x00007fc024f3a000,0x00007fc02503b000)]
  0x00007fc038080800 JavaThread "Finalizer" daemon [_thread_blocked, id=3845, stack(0x00007fc0259fa000,0x00007fc025afb000)]
  0x00007fc03807b800 JavaThread "Reference Handler" daemon [_thread_blocked, id=3844, stack(0x00007fc025afb000,0x00007fc025bfc000)]
  0x00007fc03800a800 JavaThread "main" [_thread_blocked, id=3837, stack(0x00007fc040c9c000,0x00007fc040d9d000)]

Other Threads:
=>0x00007fc038074000 VMThread [stack: 0x00007fc025bfc000,0x00007fc025cfd000] [id=3843]
  0x00007fc0380bd000 WatcherThread [stack: 0x00007fc024b36000,0x00007fc024c37000] [id=3850]

VM state:at safepoint (normal execution)

VM Mutex/Monitor currently owned by a thread:  ([mutex/lock_event])
[0x00007fc038006f30] Threads_lock - owner thread: 0x00007fc038074000
[0x00007fc038007430] Heap_lock - owner thread: 0x00007fc038a24000

Heap:
 PSYoungGen      total 350208K, used 8304K [0x00000000e0000000, 0x00000000f8900000, 0x0000000100000000)
  eden space 321024K, 0% used [0x00000000e0000000,0x00000000e0000000,0x00000000f3980000)
  from space 29184K, 28% used [0x00000000f5000000,0x00000000f581c020,0x00000000f6c80000)
  to   space 13312K, 0% used [0x00000000f7c00000,0x00000000f7c00000,0x00000000f8900000)
 ParOldGen       total 105472K, used 74274K [0x00000000a0000000, 0x00000000a6700000, 0x00000000e0000000)
  object space 105472K, 70% used [0x00000000a0000000,0x00000000a48888c0,0x00000000a6700000)
 Metaspace       used 59593K, capacity 62004K, committed 62552K, reserved 1103872K
  class space    used 7851K, capacity 8426K, committed 8576K, reserved 1048576K

Card table byte_map: [0x00007fc03d81f000,0x00007fc03db20000] byte_map_base: 0x00007fc03d31f000

Marking Bits: (ParMarkBitMap*) 0x00007fc0401633e0
 Begin Bits: [0x00007fc026000000, 0x00007fc027800000)
 End Bits:   [0x00007fc027800000, 0x00007fc029000000)

Polling page: 0x00007fc040db7000

CodeCache: size=245760Kb used=25748Kb max_used=25756Kb free=220011Kb
 bounds [0x00007fc029000000, 0x00007fc02a950000, 0x00007fc038000000]
 total_blobs=8917 nmethods=8121 adapters=709
 compilation: enabled

Compilation events (10 events):
Event: 5114.543 Thread 0x00007fc0380b7800 9479       3       sun.reflect.generics.parser.SignatureParser::parseBounds (111 bytes)
Event: 5114.548 Thread 0x00007fc0380b7800 nmethod 9479 0x00007fc02a945410 code [0x00007fc02a9456c0, 0x00007fc02a946818]
Event: 5114.548 Thread 0x00007fc0380b7800 9478       3       sun.reflect.generics.parser.SignatureParser::parseFormalTypeParameter (16 bytes)
Event: 5114.548 Thread 0x00007fc0380b5000 nmethod 9409 0x00007fc02a933e50 code [0x00007fc02a933fa0, 0x00007fc02a934078]
Event: 5114.548 Thread 0x00007fc0380b5000 9476       4       java.lang.Class::privateGetPublicMethods (267 bytes)
Event: 5114.548 Thread 0x00007fc0380b7800 nmethod 9478 0x00007fc02a931d50 code [0x00007fc02a931ee0, 0x00007fc02a932258]
Event: 5114.548 Thread 0x00007fc0380b7800 9480       3       sun.reflect.generics.tree.FormalTypeParameter::make (10 bytes)
Event: 5114.548 Thread 0x00007fc0380b7800 nmethod 9480 0x00007fc02a931810 code [0x00007fc02a931980, 0x00007fc02a931bf0]
Event: 5114.548 Thread 0x00007fc0380b7800 9481       3       sun.reflect.generics.tree.FormalTypeParameter::<init> (15 bytes)
Event: 5114.549 Thread 0x00007fc0380b7800 nmethod 9481 0x00007fc02a936cd0 code [0x00007fc02a936e40, 0x00007fc02a937010]

GC Heap History (10 events):
Event: 53.355 GC heap after
Heap after GC invocations=15 (full 3):
 PSYoungGen      total 263680K, used 0K [0x00000000e0000000, 0x00000000f1b00000, 0x0000000100000000)
  eden space 249856K, 0% used [0x00000000e0000000,0x00000000e0000000,0x00000000ef400000)
  from space 13824K, 0% used [0x00000000f0d80000,0x00000000f0d80000,0x00000000f1b00000)
  to   space 19968K, 0% used [0x00000000ef400000,0x00000000ef400000,0x00000000f0780000)
 ParOldGen       total 71680K, used 36190K [0x00000000a0000000, 0x00000000a4600000, 0x00000000e0000000)
  object space 71680K, 50% used [0x00000000a0000000,0x00000000a2357a58,0x00000000a4600000)
 Metaspace       used 56825K, capacity 58996K, committed 59028K, reserved 1099776K
  class space    used 7611K, capacity 8169K, committed 8192K, reserved 1048576K
}
Event: 55.497 GC heap before
{Heap before GC invocations=16 (full 3):
 PSYoungGen      total 263680K, used 222725K [0x00000000e0000000, 0x00000000f1b00000, 0x0000000100000000)
  eden space 249856K, 89% used [0x00000000e0000000,0x00000000ed981798,0x00000000ef400000)
  from space 13824K, 0% used [0x00000000f0d80000,0x00000000f0d80000,0x00000000f1b00000)
  to   space 19968K, 0% used [0x00000000ef400000,0x00000000ef400000,0x00000000f0780000)
 ParOldGen       total 71680K, used 36190K [0x00000000a0000000, 0x00000000a4600000, 0x00000000e0000000)
  object space 71680K, 50% used [0x00000000a0000000,0x00000000a2357a58,0x00000000a4600000)
 Metaspace       used 58078K, capacity 60332K, committed 60632K, reserved 1101824K
  class space    used 7785K, capacity 8343K, committed 8448K, reserved 1048576K
Event: 55.511 GC heap after
Heap after GC invocations=16 (full 3):
 PSYoungGen      total 269824K, used 19954K [0x00000000e0000000, 0x00000000f9a00000, 0x0000000100000000)
  eden space 249856K, 0% used [0x00000000e0000000,0x00000000e0000000,0x00000000ef400000)
  from space 19968K, 99% used [0x00000000ef400000,0x00000000f077cae8,0x00000000f0780000)
  to   space 30720K, 0% used [0x00000000f7c00000,0x00000000f7c00000,0x00000000f9a00000)
 ParOldGen       total 71680K, used 55995K [0x00000000a0000000, 0x00000000a4600000, 0x00000000e0000000)
  object space 71680K, 78% used [0x00000000a0000000,0x00000000a36aee60,0x00000000a4600000)
 Metaspace       used 58078K, capacity 60332K, committed 60632K, reserved 1101824K
  class space    used 7785K, capacity 8343K, committed 8448K, reserved 1048576K
}
Event: 55.512 GC heap before
{Heap before GC invocations=17 (full 4):
 PSYoungGen      total 269824K, used 19954K [0x00000000e0000000, 0x00000000f9a00000, 0x0000000100000000)
  eden space 249856K, 0% used [0x00000000e0000000,0x00000000e0000000,0x00000000ef400000)
  from space 19968K, 99% used [0x00000000ef400000,0x00000000f077cae8,0x00000000f0780000)
  to   space 30720K, 0% used [0x00000000f7c00000,0x00000000f7c00000,0x00000000f9a00000)
 ParOldGen       total 71680K, used 55995K [0x00000000a0000000, 0x00000000a4600000, 0x00000000e0000000)
  object space 71680K, 78% used [0x00000000a0000000,0x00000000a36aee60,0x00000000a4600000)
 Metaspace       used 58078K, capacity 60332K, committed 60632K, reserved 1101824K
  class space    used 7785K, capacity 8343K, committed 8448K, reserved 1048576K
Event: 55.618 GC heap after
Heap after GC invocations=17 (full 4):
 PSYoungGen      total 269824K, used 0K [0x00000000e0000000, 0x00000000f9a00000, 0x0000000100000000)
  eden space 249856K, 0% used [0x00000000e0000000,0x00000000e0000000,0x00000000ef400000)
  from space 19968K, 0% used [0x00000000ef400000,0x00000000ef400000,0x00000000f0780000)
  to   space 30720K, 0% used [0x00000000f7c00000,0x00000000f7c00000,0x00000000f9a00000)
 ParOldGen       total 106496K, used 58559K [0x00000000a0000000, 0x00000000a6800000, 0x00000000e0000000)
  object space 106496K, 54% used [0x00000000a0000000,0x00000000a392ff08,0x00000000a6800000)
 Metaspace       used 58078K, capacity 60332K, committed 60632K, reserved 1101824K
  class space    used 7785K, capacity 8343K, committed 8448K, reserved 1048576K
}
Event: 4779.940 GC heap before
{Heap before GC invocations=18 (full 4):
 PSYoungGen      total 269824K, used 248670K [0x00000000e0000000, 0x00000000f9a00000, 0x0000000100000000)
  eden space 249856K, 99% used [0x00000000e0000000,0x00000000ef2d7850,0x00000000ef400000)
  from space 19968K, 0% used [0x00000000ef400000,0x00000000ef400000,0x00000000f0780000)
  to   space 30720K, 0% used [0x00000000f7c00000,0x00000000f7c00000,0x00000000f9a00000)
 ParOldGen       total 106496K, used 58559K [0x00000000a0000000, 0x00000000a6800000, 0x00000000e0000000)
  object space 106496K, 54% used [0x00000000a0000000,0x00000000a392ff08,0x00000000a6800000)
 Metaspace       used 59492K, capacity 62122K, committed 62296K, reserved 1103872K
  class space    used 7889K, capacity 8526K, committed 8576K, reserved 1048576K
Event: 4782.694 GC heap after
Heap after GC invocations=18 (full 4):
 PSYoungGen      total 334336K, used 13071K [0x00000000e0000000, 0x00000000f8900000, 0x0000000100000000)
  eden space 321024K, 0% used [0x00000000e0000000,0x00000000e0000000,0x00000000f3980000)
  from space 13312K, 98% used [0x00000000f7c00000,0x00000000f88c3cb8,0x00000000f8900000)
  to   space 29184K, 0% used [0x00000000f5000000,0x00000000f5000000,0x00000000f6c80000)
 ParOldGen       total 106496K, used 90215K [0x00000000a0000000, 0x00000000a6800000, 0x00000000e0000000)
  object space 106496K, 84% used [0x00000000a0000000,0x00000000a5819f18,0x00000000a6800000)
 Metaspace       used 59492K, capacity 62122K, committed 62296K, reserved 1103872K
  class space    used 7889K, capacity 8526K, committed 8576K, reserved 1048576K
}
Event: 4782.694 GC heap before
{Heap before GC invocations=19 (full 5):
 PSYoungGen      total 334336K, used 13071K [0x00000000e0000000, 0x00000000f8900000, 0x0000000100000000)
  eden space 321024K, 0% used [0x00000000e0000000,0x00000000e0000000,0x00000000f3980000)
  from space 13312K, 98% used [0x00000000f7c00000,0x00000000f88c3cb8,0x00000000f8900000)
  to   space 29184K, 0% used [0x00000000f5000000,0x00000000f5000000,0x00000000f6c80000)
 ParOldGen       total 106496K, used 90215K [0x00000000a0000000, 0x00000000a6800000, 0x00000000e0000000)
  object space 106496K, 84% used [0x00000000a0000000,0x00000000a5819f18,0x00000000a6800000)
 Metaspace       used 59492K, capacity 62122K, committed 62296K, reserved 1103872K
  class space    used 7889K, capacity 8526K, committed 8576K, reserved 1048576K
Event: 4785.837 GC heap after
Heap after GC invocations=19 (full 5):
 PSYoungGen      total 334336K, used 0K [0x00000000e0000000, 0x00000000f8900000, 0x0000000100000000)
  eden space 321024K, 0% used [0x00000000e0000000,0x00000000e0000000,0x00000000f3980000)
  from space 13312K, 0% used [0x00000000f7c00000,0x00000000f7c00000,0x00000000f8900000)
  to   space 29184K, 0% used [0x00000000f5000000,0x00000000f5000000,0x00000000f6c80000)
 ParOldGen       total 105472K, used 42618K [0x00000000a0000000, 0x00000000a6700000, 0x00000000e0000000)
  object space 105472K, 40% used [0x00000000a0000000,0x00000000a299e8b0,0x00000000a6700000)
 Metaspace       used 58950K, capacity 61216K, committed 62296K, reserved 1103872K
  class space    used 7773K, capacity 8279K, committed 8576K, reserved 1048576K
}
Event: 5114.562 GC heap before
{Heap before GC invocations=20 (full 5):
 PSYoungGen      total 334336K, used 321024K [0x00000000e0000000, 0x00000000f8900000, 0x0000000100000000)
  eden space 321024K, 100% used [0x00000000e0000000,0x00000000f3980000,0x00000000f3980000)
  from space 13312K, 0% used [0x00000000f7c00000,0x00000000f7c00000,0x00000000f8900000)
  to   space 29184K, 0% used [0x00000000f5000000,0x00000000f5000000,0x00000000f6c80000)
 ParOldGen       total 105472K, used 42618K [0x00000000a0000000, 0x00000000a6700000, 0x00000000e0000000)
  object space 105472K, 40% used [0x00000000a0000000,0x00000000a299e8b0,0x00000000a6700000)
 Metaspace       used 59593K, capacity 62004K, committed 62552K, reserved 1103872K
  class space    used 7851K, capacity 8426K, committed 8576K, reserved 1048576K

Deoptimization events (10 events):
Event: 5094.843 Thread 0x00007fbff0007800 Uncommon trap: reason=unstable_if action=reinterpret pc=0x00007fc029b50f38 method=java.lang.ref.SoftReference.get()Ljava/lang/Object; @ 6
Event: 5094.843 Thread 0x00007fbff0007800 Uncommon trap: reason=unstable_if action=reinterpret pc=0x00007fc029469d88 method=java.lang.ref.SoftReference.get()Ljava/lang/Object; @ 6
Event: 5094.860 Thread 0x00007fbff0007800 Uncommon trap: reason=unstable_if action=reinterpret pc=0x00007fc02a0aecf4 method=java.lang.ref.SoftReference.get()Ljava/lang/Object; @ 6
Event: 5094.863 Thread 0x00007fbff0007800 Uncommon trap: reason=unstable_if action=reinterpret pc=0x00007fc029b99588 method=java.lang.ref.SoftReference.get()Ljava/lang/Object; @ 6
Event: 5094.971 Thread 0x00007fbff0007800 Uncommon trap: reason=unstable_if action=reinterpret pc=0x00007fc0296f541c method=java.lang.ref.SoftReference.get()Ljava/lang/Object; @ 6
Event: 5095.197 Thread 0x00007fbff0007800 Uncommon trap: reason=unstable_if action=reinterpret pc=0x00007fc02a1fb450 method=java.lang.ref.SoftReference.get()Ljava/lang/Object; @ 6
Event: 5095.709 Thread 0x00007fbff0007800 Uncommon trap: reason=array_check action=maybe_recompile pc=0x00007fc02a80f858 method=java.util.ComparableTimSort.binarySort([Ljava/lang/Object;III)V @ 193
Event: 5095.714 Thread 0x00007fbff0007800 Uncommon trap: reason=array_check action=maybe_recompile pc=0x00007fc02a80f858 method=java.util.ComparableTimSort.binarySort([Ljava/lang/Object;III)V @ 193
Event: 5095.717 Thread 0x00007fbff0007800 Uncommon trap: reason=array_check action=maybe_recompile pc=0x00007fc02a80f858 method=java.util.ComparableTimSort.binarySort([Ljava/lang/Object;III)V @ 193
Event: 5095.721 Thread 0x00007fbff0007800 Uncommon trap: reason=array_check action=maybe_recompile pc=0x00007fc02a80f858 method=java.util.ComparableTimSort.binarySort([Ljava/lang/Object;III)V @ 193

Classes redefined (0 events):
No events

Internal exceptions (10 events):
Event: 5097.835 Thread 0x00007fbff0007800 Exception <a 'sun/nio/fs/UnixException'> (0x00000000f182b300) thrown at [/ssd/Android/AOSP-openjdk-git/jdk8u/hotspot/src/share/vm/prims/jni.cpp, line 709]
Event: 5097.835 Thread 0x00007fbff0007800 Exception <a 'sun/nio/fs/UnixException'> (0x00000000f182d220) thrown at [/ssd/Android/AOSP-openjdk-git/jdk8u/hotspot/src/share/vm/prims/jni.cpp, line 709]
Event: 5097.835 Thread 0x00007fbff0007800 Exception <a 'sun/nio/fs/UnixException'> (0x00000000f182fa78) thrown at [/ssd/Android/AOSP-openjdk-git/jdk8u/hotspot/src/share/vm/prims/jni.cpp, line 709]
Event: 5097.835 Thread 0x00007fbff0007800 Exception <a 'sun/nio/fs/UnixException'> (0x00000000f1831a08) thrown at [/ssd/Android/AOSP-openjdk-git/jdk8u/hotspot/src/share/vm/prims/jni.cpp, line 709]
Event: 5097.836 Thread 0x00007fbff0007800 Exception <a 'sun/nio/fs/UnixException'> (0x00000000f1834818) thrown at [/ssd/Android/AOSP-openjdk-git/jdk8u/hotspot/src/share/vm/prims/jni.cpp, line 709]
Event: 5097.836 Thread 0x00007fbff0007800 Exception <a 'sun/nio/fs/UnixException'> (0x00000000f1836698) thrown at [/ssd/Android/AOSP-openjdk-git/jdk8u/hotspot/src/share/vm/prims/jni.cpp, line 709]
Event: 5098.554 Thread 0x00007fbfe4c7d800 Exception <a 'java/io/IOException'> (0x00000000efa7e198) thrown at [/ssd/Android/AOSP-openjdk-git/jdk8u/hotspot/src/share/vm/prims/jni.cpp, line 709]
Event: 5104.664 Thread 0x00007fbfe4c7d800 Exception <a 'java/io/IOException'> (0x00000000efa86978) thrown at [/ssd/Android/AOSP-openjdk-git/jdk8u/hotspot/src/share/vm/prims/jni.cpp, line 709]
Event: 5109.997 Thread 0x00007fbfe4c7d800 Exception <a 'java/io/IOException'> (0x00000000efa8f158) thrown at [/ssd/Android/AOSP-openjdk-git/jdk8u/hotspot/src/share/vm/prims/jni.cpp, line 709]
Event: 5114.189 Thread 0x00007fbfe4c7d800 Exception <a 'java/io/IOException'> (0x00000000efa97938) thrown at [/ssd/Android/AOSP-openjdk-git/jdk8u/hotspot/src/share/vm/prims/jni.cpp, line 709]

Events (10 events):
Event: 5112.873 Executing VM operation: RevokeBias
Event: 5112.873 Executing VM operation: RevokeBias done
Event: 5114.532 loading class groovy/runtime/metaclass/org/gradle/platform/base/BinaryContainer_ImplMetaClass
Event: 5114.534 loading class groovy/runtime/metaclass/org/gradle/platform/base/BinaryContainer_ImplMetaClass done
Event: 5114.547 Executing VM operation: RevokeBias
Event: 5114.548 Executing VM operation: RevokeBias done
Event: 5114.549 Executing VM operation: RevokeBias
Event: 5114.549 Executing VM operation: RevokeBias done
Event: 5114.561 Thread 0x00007fc038a24000 Thread added: 0x00007fc038a24000
Event: 5114.561 Executing VM operation: ParallelGCFailedAllocation


Dynamic libraries:
00400000-00401000 r-xp 00000000 08:01 8392928                            /home/hayden/android-studio/jre/bin/java
00600000-00601000 r--p 00000000 08:01 8392928                            /home/hayden/android-studio/jre/bin/java
00601000-00602000 rw-p 00001000 08:01 8392928                            /home/hayden/android-studio/jre/bin/java
02500000-025e7000 rw-p 00000000 00:00 0                                  [heap]
a0000000-a6700000 rw-p 00000000 00:00 0 
a6700000-e0000000 ---p 00000000 00:00 0 
e0000000-f8900000 rw-p 00000000 00:00 0 
fcd80000-100000000 ---p 00000000 00:00 0 
100000000-100860000 rw-p 00000000 00:00 0 
100860000-140000000 ---p 00000000 00:00 0 
7fbfe3c00000-7fbfe3cc0000 rw-p 00000000 00:00 0 
7fbfe3cc0000-7fbfe3e00000 ---p 00000000 00:00 0 
7fbfe3e00000-7fbfe4000000 rw-p 00000000 00:00 0 
7fbfe4000000-7fbfe56ae000 rw-p 00000000 00:00 0 
7fbfe56ae000-7fbfe8000000 ---p 00000000 00:00 0 
7fbfe81dd000-7fbfe81e0000 ---p 00000000 00:00 0 
7fbfe81e0000-7fbfe82de000 rw-p 00000000 00:00 0 
7fbfe82de000-7fbfe82e1000 ---p 00000000 00:00 0 
7fbfe82e1000-7fbfe83df000 rw-p 00000000 00:00 0 
7fbfe83df000-7fbfe83e2000 ---p 00000000 00:00 0 
7fbfe83e2000-7fbfe84e0000 rw-p 00000000 00:00 0 
7fbfe84e0000-7fbfe84e3000 ---p 00000000 00:00 0 
7fbfe84e3000-7fbfe85e1000 rw-p 00000000 00:00 0 
7fbfe85e1000-7fbfe85e4000 ---p 00000000 00:00 0 
7fbfe85e4000-7fbfe861a000 rw-p 00000000 00:00 0 
7fbfe861a000-7fbfe861d000 ---p 00000000 00:00 0 
7fbfe861d000-7fbfe871b000 rw-p 00000000 00:00 0 
7fbfe871b000-7fbfe871e000 ---p 00000000 00:00 0 
7fbfe871e000-7fbfe8a1c000 rw-p 00000000 00:00 0 
7fbfe8a1c000-7fbfe8c1c000 rw-p 00000000 00:00 0 
7fbfe8c1c000-7fbfe8c1f000 ---p 00000000 00:00 0 
7fbfe8c1f000-7fbfe8f1d000 rw-p 00000000 00:00 0 
7fbfe8f1d000-7fbfe8f20000 ---p 00000000 00:00 0 
7fbfe8f20000-7fbfe921e000 rw-p 00000000 00:00 0 
7fbfe921e000-7fbfe941e000 rw-p 00000000 00:00 0 
7fbfe941e000-7fbfe961e000 rw-p 00000000 00:00 0 
7fbfe961e000-7fbfe981e000 rw-p 00000000 00:00 0 
7fbfe981e000-7fbfe9830000 r--s 00345000 08:01 8393010                    /home/hayden/android-studio/jre/jre/lib/resources.jar
7fbfe9830000-7fbfe9a30000 rw-p 00000000 00:00 0 
7fbfe9a30000-7fbfe9a31000 r--s 00000000 08:01 3287758                    /home/hayden/.gradle/caches/modules-2/files-2.1/com.android.tools.build/transform-api/2.0.0-deprecated-use-gradle-api/85bee1acea9e27152b920746c68133b30b11431/transform-api-2.0.0-deprecated-use-gradle-api.jar
7fbfe9a31000-7fbfe9c31000 rw-p 00000000 00:00 0 
7fbfe9c31000-7fbfe9c34000 r--s 00015000 08:01 8393009                    /home/hayden/android-studio/jre/jre/lib/jce.jar
7fbfe9c34000-7fbfe9e34000 rw-p 00000000 00:00 0 
7fbfe9e34000-7fbfe9e37000 ---p 00000000 00:00 0 
7fbfe9e37000-7fbfea12b000 rw-p 00000000 00:00 0 
7fbfea12b000-7fbfea135000 ---p 00000000 00:00 0 
7fbfea135000-7fbfea335000 rw-p 00000000 00:00 0 
7fbfea335000-7fbfea535000 rw-p 00000000 00:00 0 
7fbfea535000-7fbfea540000 r--s 00081000 08:01 3287755                    /home/hayden/.gradle/caches/modules-2/files-2.1/org.jetbrains.trove4j/trove4j/20160824/33c3e174a9c8368d93761d3d12712db18e903959/trove4j-20160824.jar
7fbfea540000-7fbfea5c3000 r--s 00758000 08:01 3287754                    /home/hayden/.gradle/caches/modules-2/files-2.1/com.android.tools.external.com-intellij/intellij-core/26.0.1/a373ed549821cb9a932b87c79792790f6d018727/intellij-core-26.0.1.jar
7fbfea5c3000-7fbfea5c9000 r--s 00033000 08:01 3287753                    /home/hayden/.gradle/caches/modules-2/files-2.1/commons-codec/commons-codec/1.6/b7f0fc8f61ecadeb3695f0b9464755eee44374d4/commons-codec-1.6.jar
7fbfea5c9000-7fbfea5cb000 r--s 0000d000 08:01 3287752                    /home/hayden/.gradle/caches/modules-2/files-2.1/commons-logging/commons-logging/1.1.1/5043bfebc3db072ed80fbd362e7caf00e885d8ae/commons-logging-1.1.1.jar
7fbfea5cb000-7fbfea5d1000 r--s 00032000 08:01 3287751                    /home/hayden/.gradle/caches/modules-2/files-2.1/org.apache.httpcomponents/httpcore/4.2.5/472f0f5f8dba5d1962cb9d7739feed739a31c30d/httpcore-4.2.5.jar
7fbfea5d1000-7fbfea5d2000 r--s 00004000 08:01 3287750                    /home/hayden/.gradle/caches/modules-2/files-2.1/com.intellij/annotations/12.0/bbcf6448f6d40abe506e2c83b70a3e8bfd2b4539/annotations-12.0.jar
7fbfea5d2000-7fbfea5d3000 r--s 00000000 08:01 3287749                    /home/hayden/.gradle/caches/modules-2/files-2.1/org.codehaus.mojo/animal-sniffer-annotations/1.14/775b7e22fb10026eed3f86e8dc556dfafe35f2d5/animal-sniffer-annotations-1.14.jar
7fbfea5d3000-7fbfea5d5000 r--s 00001000 08:01 3287748                    /home/hayden/.gradle/caches/modules-2/files-2.1/com.google.j2objc/j2objc-annotations/1.1/976d8d30bebc251db406f2bdb3eb01962b5685b3/j2objc-annotations-1.1.jar
7fbfea5d5000-7fbfea5d6000 r--s 00002000 08:01 3287746                    /home/hayden/.gradle/caches/modules-2/files-2.1/com.google.errorprone/error_prone_annotations/2.0.18/5f65affce1684999e2f4024983835efc3504012e/error_prone_annotations-2.0.18.jar
7fbfea5d6000-7fbfea5d9000 r--s 00006000 08:01 3287747                    /home/hayden/.gradle/caches/modules-2/files-2.1/com.google.code.findbugs/jsr305/1.3.9/40719ea6961c0cb6afaeb6a921eaa1f6afd4cfdf/jsr305-1.3.9.jar
7fbfea5d9000-7fbfea5da000 r--s 0000a000 08:01 3287745                    /home/hayden/.gradle/caches/modules-2/files-2.1/net.sf.kxml/kxml2/2.3.0/ccbc77a5fd907ef863c29f3596c6f54ffa4e9442/kxml2-2.3.0.jar
7fbfea5da000-7fbfea5dc000 r--s 00005000 08:01 3287744                    /home/hayden/.gradle/caches/modules-2/files-2.1/org.apache.httpcomponents/httpmime/4.1/9ba2dcdf94ce35c8a8e9bff242db0618ca932e92/httpmime-4.1.jar
7fbfea5dc000-7fbfea5e6000 r--s 00061000 08:01 3287742                    /home/hayden/.gradle/caches/modules-2/files-2.1/org.apache.httpcomponents/httpclient/4.2.6/e4ca30a6a3a075053a61c6fc850d2432dc012ba7/httpclient-4.2.6.jar
7fbfea5e6000-7fbfea5ef000 r--s 00064000 08:01 3287743                    /home/hayden/.gradle/caches/modules-2/files-2.1/org.apache.commons/commons-compress/1.12/84caa68576e345eb5e7ae61a0e5a9229eb100d7b/commons-compress-1.12.jar
7fbfea5ef000-7fbfea5f4000 r--s 0002e000 08:01 3287741                    /home/hayden/.gradle/caches/modules-2/files-2.1/com.google.code.gson/gson/2.3/5fc52c41ef0239d1093a1eb7c3697036183677ce/gson-2.3.jar
7fbfea5f4000-7fbfea604000 r--s 000d6000 08:01 3287740                    /home/hayden/.gradle/caches/modules-2/files-2.1/net.sf.proguard/proguard-base/5.3.3/988b6b0636ce343d4962b3b37f6319dcc6e99a61/proguard-base-5.3.3.jar
7fbfea604000-7fbfea606000 r--s 00003000 08:01 3287739                    /home/hayden/.gradle/caches/modules-2/files-2.1/org.jetbrains/annotations/13.0/919f0dfe192fb4e063e7dacadee7f8bb9a2672a9/annotations-13.0.jar
7fbfea606000-7fbfea607000 r--s 00001000 08:01 3287737                    /home/hayden/.gradle/caches/modules-2/files-2.1/com.android.tools/annotations/26.0.1/29012758503f56c7dc0714eda494f7f140fd3db8/annotations-26.0.1.jar
7fbfea607000-7fbfea60a000 r--s 00033000 08:01 3287738                    /home/hayden/.gradle/caches/modules-2/files-2.1/com.googlecode.juniversalchardet/juniversalchardet/1.0.3/cd49678784c46aa8789c060538e0154013bb421b/juniversalchardet-1.0.3.jar
7fbfea60a000-7fbfea60e000 r--s 0002a000 08:01 3287736                    /home/hayden/.gradle/caches/modules-2/files-2.1/commons-io/commons-io/2.4/b1b6ea3b7e4aa4f492509a4952029cd8e48019ad/commons-io-2.4.jar
7fbfea60e000-7fbfea625000 r--s 00154000 08:01 3287735                    /home/hayden/.gradle/caches/modules-2/files-2.1/org.antlr/antlr4/4.5.3/f35db7e4b2446e4174ba6a73db7bd6b3e6bb5da1/antlr4-4.5.3.jar
7fbfea625000-7fbfea626000 r--s 00003000 08:01 3287734                    /home/hayden/.gradle/caches/modules-2/files-2.1/com.android.databinding/baseLibrary/3.0.1/cc0483d84342e82c261aeb5fd0ef2f876b587489/baseLibrary-3.0.1.jar
7fbfea626000-7fbfea656000 r--s 00245000 08:01 3287733                    /home/hayden/.gradle/caches/modules-2/files-2.1/com.google.guava/guava/22.0/3564ef3803de51fb0530a8377ec6100b33b0d073/guava-22.0.jar
7fbfea656000-7fbfea65e000 r--s 000a8000 08:01 3287732                    /home/hayden/.gradle/caches/modules-2/files-2.1/com.android.tools.external.lombok/lombok-ast/0.2.3/528b6f8bde3157f17530aa366631f2aad2a6cf9/lombok-ast-0.2.3.jar
7fbfea65e000-7fbfea662000 r--s 0002f000 08:01 3287730                    /home/hayden/.gradle/caches/modules-2/files-2.1/com.google.jimfs/jimfs/1.1/8fbd0579dc68aba6186935cc1bee21d2f3e7ec1c/jimfs-1.1.jar
7fbfea662000-7fbfea675000 r--s 00241000 08:01 3287731                    /home/hayden/.gradle/caches/modules-2/files-2.1/org.eclipse.jdt.core.compiler/ecj/4.6.1/5555607add54eb79c5a0729134e663fe2e6300c2/ecj-4.6.1.jar
7fbfea675000-7fbfea79a000 r--s 00f5d000 08:01 3287727                    /home/hayden/.gradle/caches/modules-2/files-2.1/it.unimi.dsi/fastutil/7.2.0/5ad3a2bb04143f70aa0765fc29fc29571a7d6b34/fastutil-7.2.0.jar
7fbfea79a000-7fbfea7e5000 r--s 002ff000 08:01 3287728                    /home/hayden/.gradle/caches/modules-2/files-2.1/org.bouncycastle/bcprov-jdk15on/1.56/a153c6f9744a3e9dd6feab5e210e1c9861362ec7/bcprov-jdk15on-1.56.jar
7fbfea7e5000-7fbfea7f6000 r--s 00097000 08:01 3287726                    /home/hayden/.gradle/caches/modules-2/files-2.1/org.bouncycastle/bcpkix-jdk15on/1.56/4648af70268b6fdb24674fb1fd7c1fcc73db1231/bcpkix-jdk15on-1.56.jar
7fbfea7f6000-7fbfea7f8000 r--s 00002000 08:01 3287725                    /home/hayden/.gradle/caches/modules-2/files-2.1/com.squareup/javawriter/2.5.0/81241ff7078ef14f42ea2a8995fa09c096256e6b/javawriter-2.5.0.jar
7fbfea7f8000-7fbfea7fd000 r--s 0003b000 08:01 3287724                    /home/hayden/.gradle/caches/modules-2/files-2.1/com.android.tools.build/apksig/3.0.1/535b9323a1bd47e3a9c860d11f4e11a80db13f2b/apksig-3.0.1.jar
7fbfea7fd000-7fbfea800000 r--s 00024000 08:01 3287723                    /home/hayden/.gradle/caches/modules-2/files-2.1/com.android.tools/common/26.0.1/38e362a43a905b6745d609bea37faddb0c5bffab/common-26.0.1.jar
7fbfea800000-7fbfea802000 r--s 00006000 08:01 3287722                    /home/hayden/.gradle/caches/modules-2/files-2.1/com.android.tools/dvlib/26.0.1/46f3eeaf812811374b4ea2c49ad52687a7ff6a87/dvlib-26.0.1.jar
7fbfea802000-7fbfea805000 r--s 00014000 08:01 3287721                    /home/hayden/.gradle/caches/modules-2/files-2.1/com.android.tools.layoutlib/layoutlib-api/26.0.1/4eb1f46803873ff996f2457d1dd64c5c305818d8/layoutlib-api-26.0.1.jar
7fbfea805000-7fbfea80a000 r--s 0004d000 08:01 3287720                    /home/hayden/.gradle/caches/modules-2/files-2.1/com.android.tools.ddms/ddmlib/26.0.1/d4bcdb3a578812688ccc34f1359702601fea955d/ddmlib-26.0.1.jar
7fbfea80a000-7fbfea819000 r--s 00130000 08:01 3287717                    /home/hayden/.gradle/caches/modules-2/files-2.1/com.google.protobuf/protobuf-java/3.0.0/6d325aa7c921661d84577c0a93d82da4df9fa4c8/protobuf-java-3.0.0.jar
7fbfea819000-7fbfea82c000 r--s 001a8000 08:01 3287716                    /home/hayden/.gradle/caches/modules-2/files-2.1/com.android.tools.analytics-library/protos/26.0.1/7719e7ed7498e25ec555bdfcb7a4de0e88a47ea/protos-26.0.1.jar
7fbfea82c000-7fbfea85e000 r--s 0021b000 08:01 3287703                    /home/hayden/.gradle/caches/modules-2/files-2.1/org.jetbrains.kotlin/kotlin-reflect/1.1.3-2/2104f139db2a2d230c529b004c34a0993c4c2f19/kotlin-reflect-1.1.3-2.jar
7fbfea85e000-7fbfea861000 ---p 00000000 00:00 0 
7fbfea861000-7fbfeab5f000 rw-p 00000000 00:00 0 
7fbfeab5f000-7fbfead5f000 rw-p 00000000 00:00 0 
7fbfead5f000-7fbfead60000 r--s 00003000 08:01 3287729                    /home/hayden/.gradle/caches/modules-2/files-2.1/com.googlecode.json-simple/json-simple/1.1/5e303a03d04e6788dddfa3655272580ae0fc13bb/json-simple-1.1.jar
7fbfead60000-7fbfead61000 r--s 00003000 08:01 3287719                    /home/hayden/.gradle/caches/modules-2/files-2.1/com.android.tools.build/builder-test-api/3.0.1/5f084a2888a7f638c4c89c3278760345b1fb4c8/builder-test-api-3.0.1.jar
7fbfead61000-7fbfead64000 r--s 00007000 08:01 3287718                    /home/hayden/.gradle/caches/modules-2/files-2.1/com.android.tools.build/builder-model/3.0.1/e9de7e34339a8eb90fda30ac6bf580d5f2c4f282/builder-model-3.0.1.jar
7fbfead64000-7fbfead65000 r--s 00005000 08:01 3287715                    /home/hayden/.gradle/caches/modules-2/files-2.1/com.android.tools.analytics-library/shared/26.0.1/5cfc3811c2fd6cddfce2ec1bb5fbbec87e0fc462/shared-26.0.1.jar
7fbfead65000-7fbfead67000 r--s 00004000 08:01 3287713                    /home/hayden/.gradle/caches/modules-2/files-2.1/com.android.tools.analytics-library/tracker/26.0.1/15f0c0560c8a97700651d2dd5219937baa80c166/tracker-26.0.1.jar
7fbfead67000-7fbfead69000 r--s 00002000 08:01 3287714                    /home/hayden/.gradle/caches/modules-2/files-2.1/net.sf.proguard/proguard-gradle/5.3.3/ad23a0505f58d0dfc95bb1472decc397460406c9/proguard-gradle-5.3.3.jar
7fbfead69000-7fbfead6b000 r--s 0000f000 08:01 3287712                    /home/hayden/.gradle/caches/modules-2/files-2.1/net.sf.jopt-simple/jopt-simple/4.9/ee9e9eaa0a35360dcfeac129ff4923215fd65904/jopt-simple-4.9.jar
7fbfead6b000-7fbfead6f000 r--s 0001e000 08:01 3287711                    /home/hayden/.gradle/caches/modules-2/files-2.1/org.jacoco/org.jacoco.core/0.7.4.201502262128/31482f50411a3a5769b6c78fa9b97ba731c205e7/org.jacoco.core-0.7.4.201502262128.jar
7fbfead6f000-7fbfead72000 r--s 00020000 08:01 3287710                    /home/hayden/.gradle/caches/modules-2/files-2.1/org.jacoco/org.jacoco.report/0.7.4.201502262128/5c6bb5f95ae695dc4510b95f7d5ad0397e4881ad/org.jacoco.report-0.7.4.201502262128.jar
7fbfead72000-7fbfead74000 r--s 0000c000 08:01 3287709                    /home/hayden/.gradle/caches/modules-2/files-2.1/org.ow2.asm/asm/5.1/5ef31c4fe953b1fd00b8a88fa1d6820e8785bb45/asm-5.1.jar
7fbfead74000-7fbfead76000 r--s 00006000 08:01 3287708                    /home/hayden/.gradle/caches/modules-2/files-2.1/org.ow2.asm/asm-tree/5.1/87b38c12a0ea645791ead9d3e74ae5268d1d6c34/asm-tree-5.1.jar
7fbfead76000-7fbfead77000 r--s 0000a000 08:01 3287707                    /home/hayden/.gradle/caches/modules-2/files-2.1/org.ow2.asm/asm-util/5.1/b60e33a6bd0d71831e0c249816d01e6c1dd90a47/asm-util-5.1.jar
7fbfead77000-7fbfead79000 r--s 0000a000 08:01 3287706                    /home/hayden/.gradle/caches/modules-2/files-2.1/org.ow2.asm/asm-commons/5.1/25d8a575034dd9cfcb375a39b5334f0ba9c8474e/asm-commons-5.1.jar
7fbfead79000-7fbfead7a000 r--s 00004000 08:01 3287705                    /home/hayden/.gradle/caches/modules-2/files-2.1/org.ow2.asm/asm-analysis/5.1/6d1bf8989fc7901f868bee3863c44f21aa63d110/asm-analysis-5.1.jar
7fbfead7a000-7fbfead7b000 r--s 00000000 08:01 3287704                    /home/hayden/.gradle/caches/modules-2/files-2.1/com.android.tools.build/transform-api/2.0.0-deprecated-use-gradle-api/47f6c56527c42425742fa9b56ffd3fd80763fe03/transform-api-2.0.0-deprecated-use-gradle-api.jar
7fbfead7b000-7fbfead8a000 r--s 000c8000 08:01 3287702                    /home/hayden/.gradle/caches/modules-2/files-2.1/org.jetbrains.kotlin/kotlin-stdlib/1.1.3-2/9b44c139a4ec57031e0c84ba0e49ba16df6d801c/kotlin-stdlib-1.1.3-2.jar
7fbfead8a000-7fbfead90000 r--s 00030000 08:01 3287701                    /home/hayden/.gradle/caches/modules-2/files-2.1/com.android.tools/repository/26.0.1/bc0dfe02af8d075f6b7ad63a202ed4c63a6a647d/repository-26.0.1.jar
7fbfead90000-7fbfead9b000 r--s 0009b000 08:01 3287700                    /home/hayden/.gradle/caches/modules-2/files-2.1/com.android.tools/sdklib/26.0.1/bdb4723f8e3791f1d3911b1f191acf25840f352a/sdklib-26.0.1.jar
7fbfead9b000-7fbfeadaa000 r--s 000da000 08:01 3287699                    /home/hayden/.gradle/caches/modules-2/files-2.1/com.android.tools/sdk-common/26.0.1/9ddd2fa552e7b49548c421c0be4e65dc9a245f69/sdk-common-26.0.1.jar
7fbfeadaa000-7fbfeadae000 r--s 00023000 08:01 3287698                    /home/hayden/.gradle/caches/modules-2/files-2.1/com.android.tools.build/manifest-merger/26.0.1/700cbb1ed4066f48d4970f5669c44a51bd03142/manifest-merger-26.0.1.jar
7fbfeadae000-7fbfeadb2000 r--s 0002e000 08:01 3287697                    /home/hayden/.gradle/caches/modules-2/files-2.1/com.android.databinding/compilerCommon/3.0.1/7f51b3e1636063e491131a0b0436512131cb1bdc/compilerCommon-3.0.1.jar
7fbfeadb2000-7fbfeadc1000 r--s 000cb000 08:01 3287695                    /home/hayden/.gradle/caches/modules-2/files-2.1/com.android.tools.external.org-jetbrains/uast/26.0.1/663906c592ce867fa2e9bcbffbe2130397078132/uast-26.0.1.jar
7fbfeadc1000-7fbfeadc8000 r--s 0007f000 08:01 3287694                    /home/hayden/.gradle/caches/modules-2/files-2.1/com.android.tools.lint/lint-api/26.0.1/2d4dd9f4676fbb152e4baf6f6f4cbbb868521832/lint-api-26.0.1.jar
7fbfeadc8000-7fbfeadf8000 r--s 01983000 08:01 3287691                    /home/hayden/.gradle/caches/modules-2/files-2.1/com.android.tools.build/builder/3.0.1/1f896967507729bb35ac727c03d3b9306fe87b7d/builder-3.0.1.jar
7fbfeadf8000-7fbfeadfb000 ---p 00000000 00:00 0 
7fbfeadfb000-7fbfeaef9000 rw-p 00000000 00:00 0 
7fbfeaef9000-7fbfeaefc000 ---p 00000000 00:00 0 
7fbfeaefc000-7fbfeb1fa000 rw-p 00000000 00:00 0 
7fbfeb1fa000-7fbfeb3fa000 rw-p 00000000 00:00 0 
7fbfeb3fa000-7fbfeb5fa000 rw-p 00000000 00:00 0 
7fbfeb5fa000-7fbfeb7fa000 rw-p 00000000 00:00 0 
7fbfeb7fa000-7fbfeb7fd000 ---p 00000000 00:00 0 
7fbfeb7fd000-7fbfeb8fb000 rw-p 00000000 00:00 0 
7fbfeb8fb000-7fbfeb8fe000 ---p 00000000 00:00 0 
7fbfeb8fe000-7fbfeb9fc000 rw-p 00000000 00:00 0 
7fbfeb9fc000-7fbfeb9ff000 ---p 00000000 00:00 0 
7fbfeb9ff000-7fbfebcfd000 rw-p 00000000 00:00 0 
7fbfebcfd000-7fbfebd00000 ---p 00000000 00:00 0 
7fbfebd00000-7fbfebdfe000 rw-p 00000000 00:00 0 
7fbfebdfe000-7fbfebe01000 ---p 00000000 00:00 0 
7fbfebe01000-7fbfebeff000 rw-p 00000000 00:00 0 
7fbfebeff000-7fbfebf02000 ---p 00000000 00:00 0 
7fbfebf02000-7fbfec000000 rw-p 00000000 00:00 0 
7fbfec000000-7fbfec021000 rw-p 00000000 00:00 0 
7fbfec021000-7fbff0000000 ---p 00000000 00:00 0 
7fbff0000000-7fbff0287000 rw-p 00000000 00:00 0 
7fbff0287000-7fbff4000000 ---p 00000000 00:00 0 
7fbff4000000-7fbff41f2000 rw-p 00000000 00:00 0 
7fbff41f2000-7fbff8000000 ---p 00000000 00:00 0 
7fbff8000000-7fbff8021000 rw-p 00000000 00:00 0 
7fbff8021000-7fbffc000000 ---p 00000000 00:00 0 
7fbffc000000-7fbffc002000 r--s 00003000 08:01 3287696                    /home/hayden/.gradle/caches/modules-2/files-2.1/com.android.tools.build/gradle-api/3.0.1/92640ae3c543aa3faee7b954ce641d03949d4401/gradle-api-3.0.1.jar
7fbffc002000-7fbffc00b000 r--s 000ff000 08:01 3287693                    /home/hayden/.gradle/caches/modules-2/files-2.1/com.android.tools.lint/lint-checks/26.0.1/a5df32c64598e190808accaa03820fb9db9f8201/lint-checks-26.0.1.jar
7fbffc00b000-7fbffc00e000 r--s 00039000 08:01 3287692                    /home/hayden/.gradle/caches/modules-2/files-2.1/com.android.tools.lint/lint/26.0.1/541bfb082a95a3b55d0158d69b067f1d7c623122/lint-26.0.1.jar
7fbffc00e000-7fbffc031000 r--s 0020b000 08:01 3287690                    /home/hayden/.gradle/caches/modules-2/files-2.1/com.android.tools.build/gradle-core/3.0.1/c2945119335b491ca56e4042f7c8c55dccf5c9c2/gradle-core-3.0.1.jar
7fbffc031000-7fbffc033000 r--s 0000f000 08:01 3287689                    /home/hayden/.gradle/caches/modules-2/files-2.1/com.android.tools.build/gradle/3.0.1/cfa107d4db0c11c11f445a11e768adf61c72ce06/gradle-3.0.1.jar
7fbffc033000-7fbffc038000 r--s 002f9000 08:01 8393008                    /home/hayden/android-studio/jre/jre/lib/charsets.jar
7fbffc038000-7fbffc0b1000 r--s 010fd000 08:01 8392981                    /home/hayden/android-studio/jre/lib/tools.jar
7fbffc0b1000-7fbffc0b4000 ---p 00000000 00:00 0 
7fbffc0b4000-7fbffc1b2000 rw-p 00000000 00:00 0 
7fbffc1b2000-7fbffc1b5000 ---p 00000000 00:00 0 
7fbffc1b5000-7fbffc2b3000 rw-p 00000000 00:00 0 
7fbffc2b3000-7fbffc2b6000 ---p 00000000 00:00 0 
7fbffc2b6000-7fbffc3b4000 rw-p 00000000 00:00 0 
7fbffc3b4000-7fbffc3b7000 ---p 00000000 00:00 0 
7fbffc3b7000-7fbffc4b5000 rw-p 00000000 00:00 0 
7fbffc4b5000-7fbffc4bc000 r--s 00000000 08:01 2493494                    /usr/lib/x86_64-linux-gnu/gconv/gconv-modules.cache
7fbffc4bc000-7fbffc4bf000 ---p 00000000 00:00 0 
7fbffc4bf000-7fbffc5bd000 rw-p 00000000 00:00 0 
7fbffc5bd000-7fbffc5c2000 r--s 0009a000 08:01 8393106                    /home/hayden/android-studio/jre/jre/lib/jsse.jar
7fbffc5c2000-7fbffc7c2000 rw-p 00000000 00:00 0 
7fbffc7c2000-7fbffc7cb000 r-xp 00000000 08:01 8393059                    /home/hayden/android-studio/jre/jre/lib/amd64/libmanagement.so
7fbffc7cb000-7fbffc9ca000 ---p 00009000 08:01 8393059                    /home/hayden/android-studio/jre/jre/lib/amd64/libmanagement.so
7fbffc9ca000-7fbffc9cb000 r--p 00008000 08:01 8393059                    /home/hayden/android-studio/jre/jre/lib/amd64/libmanagement.so
7fbffc9cb000-7fbffc9cc000 rw-p 00009000 08:01 8393059                    /home/hayden/android-studio/jre/jre/lib/amd64/libmanagement.so
7fbffc9cc000-7fbffc9ce000 r--s 00007000 08:01 8918261                    /home/hayden/.gradle/wrapper/dists/gradle-4.1-all/bzyivzo6n839fup2jbap0tjew/gradle-4.1/lib/plugins/gradle-tooling-api-builders-4.1.jar
7fbffc9ce000-7fbffc9d1000 r--s 00009000 08:01 8918271                    /home/hayden/.gradle/wrapper/dists/gradle-4.1-all/bzyivzo6n839fup2jbap0tjew/gradle-4.1/lib/plugins/gradle-testing-native-4.1.jar
7fbffc9d1000-7fbffc9d3000 r--s 00009000 08:01 8918344                    /home/hayden/.gradle/wrapper/dists/gradle-4.1-all/bzyivzo6n839fup2jbap0tjew/gradle-4.1/lib/plugins/hamcrest-core-1.3.jar
7fbffc9d3000-7fbffc9d8000 r--s 00040000 08:01 8918339                    /home/hayden/.gradle/wrapper/dists/gradle-4.1-all/bzyivzo6n839fup2jbap0tjew/gradle-4.1/lib/plugins/bsh-2.0b4.jar
7fbffc9d8000-7fbffc9da000 r--s 00006000 08:01 8918340                    /home/hayden/.gradle/wrapper/dists/gradle-4.1-all/bzyivzo6n839fup2jbap0tjew/gradle-4.1/lib/plugins/jcommander-1.12.jar
7fbffc9da000-7fbffc9e0000 r--s 00033000 08:01 8918341                    /home/hayden/.gradle/wrapper/dists/gradle-4.1-all/bzyivzo6n839fup2jbap0tjew/gradle-4.1/lib/plugins/snakeyaml-1.6.jar
7fbffc9e0000-7fbffc9e9000 r--s 00089000 08:01 8918299                    /home/hayden/.gradle/wrapper/dists/gradle-4.1-all/bzyivzo6n839fup2jbap0tjew/gradle-4.1/lib/plugins/testng-6.3.1.jar
7fbffc9e9000-7fbffc9f1000 r--s 00045000 08:01 8918300                    /home/hayden/.gradle/wrapper/dists/gradle-4.1-all/bzyivzo6n839fup2jbap0tjew/gradle-4.1/lib/plugins/junit-4.12.jar
7fbffc9f1000-7fbffc9f7000 r--s 0002e000 08:01 8918267                    /home/hayden/.gradle/wrapper/dists/gradle-4.1-all/bzyivzo6n839fup2jbap0tjew/gradle-4.1/lib/plugins/gradle-testing-jvm-4.1.jar
7fbffc9f7000-7fbffc9fb000 r--s 00017000 08:01 8918275                    /home/hayden/.gradle/wrapper/dists/gradle-4.1-all/bzyivzo6n839fup2jbap0tjew/gradle-4.1/lib/plugins/gradle-testing-base-4.1.jar
7fbffc9fb000-7fbffca02000 r--s 00038000 08:01 8918295                    /home/hayden/.gradle/wrapper/dists/gradle-4.1-all/bzyivzo6n839fup2jbap0tjew/gradle-4.1/lib/plugins/bcpg-jdk15on-1.51.jar
7fbffca02000-7fbffca04000 r--s 0000c000 08:01 8918246                    /home/hayden/.gradle/wrapper/dists/gradle-4.1-all/bzyivzo6n839fup2jbap0tjew/gradle-4.1/lib/plugins/gradle-signing-4.1.jar
7fbffca04000-7fbffca06000 r--s 00007000 08:01 8918252                    /home/hayden/.gradle/wrapper/dists/gradle-4.1-all/bzyivzo6n839fup2jbap0tjew/gradle-4.1/lib/plugins/gradle-scala-4.1.jar
7fbffca06000-7fbffca07000 r--s 00004000 08:01 8918283                    /home/hayden/.gradle/wrapper/dists/gradle-4.1-all/bzyivzo6n839fup2jbap0tjew/gradle-4.1/lib/plugins/gradle-resources-sftp-4.1.jar
7fbffca07000-7fbffca17000 r--s 00088000 08:01 8918312                    /home/hayden/.gradle/wrapper/dists/gradle-4.1-all/bzyivzo6n839fup2jbap0tjew/gradle-4.1/lib/plugins/joda-time-2.8.2.jar
7fbffca17000-7fbffca28000 r--s 0010d000 08:01 8918311                    /home/hayden/.gradle/wrapper/dists/gradle-4.1-all/bzyivzo6n839fup2jbap0tjew/gradle-4.1/lib/plugins/jackson-databind-2.6.6.jar
7fbffca28000-7fbffca2b000 r--s 00009000 08:01 8918310                    /home/hayden/.gradle/wrapper/dists/gradle-4.1-all/bzyivzo6n839fup2jbap0tjew/gradle-4.1/lib/plugins/jackson-annotations-2.6.6.jar
7fbffca2b000-7fbffca2f000 r--s 0003c000 08:01 8918309                    /home/hayden/.gradle/wrapper/dists/gradle-4.1-all/bzyivzo6n839fup2jbap0tjew/gradle-4.1/lib/plugins/jackson-core-2.6.6.jar
7fbffca2f000-7fbffca3d000 r--s 00087000 08:01 8918308                    /home/hayden/.gradle/wrapper/dists/gradle-4.1-all/bzyivzo6n839fup2jbap0tjew/gradle-4.1/lib/plugins/aws-java-sdk-core-1.11.6.jar
7fbffca3d000-7fbffca44000 r--s 00057000 08:01 8918307                    /home/hayden/.gradle/wrapper/dists/gradle-4.1-all/bzyivzo6n839fup2jbap0tjew/gradle-4.1/lib/plugins/aws-java-sdk-kms-1.11.6.jar
7fbffca44000-7fbffca51000 r--s 0008e000 08:01 8918306                    /home/hayden/.gradle/wrapper/dists/gradle-4.1-all/bzyivzo6n839fup2jbap0tjew/gradle-4.1/lib/plugins/aws-java-sdk-s3-1.11.6.jar
7fbffca51000-7fbffca53000 r--s 00004000 08:01 8918280                    /home/hayden/.gradle/wrapper/dists/gradle-4.1-all/bzyivzo6n839fup2jbap0tjew/gradle-4.1/lib/plugins/gradle-resources-s3-4.1.jar
7fbffca53000-7fbffca55000 r--s 00010000 08:01 8918276                    /home/hayden/.gradle/wrapper/dists/gradle-4.1-all/bzyivzo6n839fup2jbap0tjew/gradle-4.1/lib/plugins/gradle-reporting-4.1.jar
7fbffca55000-7fbffca57000 r--s 00002000 08:01 8918277                    /home/hayden/.gradle/wrapper/dists/gradle-4.1-all/bzyivzo6n839fup2jbap0tjew/gradle-4.1/lib/plugins/gradle-publish-4.1.jar
7fbffca57000-7fbffca59000 r--s 00009000 08:01 8918288                    /home/hayden/.gradle/wrapper/dists/gradle-4.1-all/bzyivzo6n839fup2jbap0tjew/gradle-4.1/lib/plugins/commons-cli-1.2.jar
7fbffca59000-7fbffca5f000 r--s 00036000 08:01 8918260                    /home/hayden/.gradle/wrapper/dists/gradle-4.1-all/bzyivzo6n839fup2jbap0tjew/gradle-4.1/lib/plugins/gradle-plugins-4.1.jar
7fbffca5f000-7fbffca61000 r--s 00009000 08:01 8918247                    /home/hayden/.gradle/wrapper/dists/gradle-4.1-all/bzyivzo6n839fup2jbap0tjew/gradle-4.1/lib/plugins/gradle-plugin-development-4.1.jar
7fbffca61000-7fbffca67000 r--s 0002b000 08:01 8918255                    /home/hayden/.gradle/wrapper/dists/gradle-4.1-all/bzyivzo6n839fup2jbap0tjew/gradle-4.1/lib/plugins/gradle-platform-play-4.1.jar
7fbffca67000-7fbffca7d000 r-xp 00000000 08:01 7737894                    /lib/x86_64-linux-gnu/libgcc_s.so.1
7fbffca7d000-7fbffcc7c000 ---p 00016000 08:01 7737894                    /lib/x86_64-linux-gnu/libgcc_s.so.1
7fbffcc7c000-7fbffcc7d000 rw-p 00015000 08:01 7737894                    /lib/x86_64-linux-gnu/libgcc_s.so.1
7fbffcc7d000-7fbffcdef000 r-xp 00000000 08:01 2237589                    /usr/lib/x86_64-linux-gnu/libstdc++.so.6.0.21
7fbffcdef000-7fbffcfef000 ---p 00172000 08:01 2237589                    /usr/lib/x86_64-linux-gnu/libstdc++.so.6.0.21
7fbffcfef000-7fbffcff9000 r--p 00172000 08:01 2237589                    /usr/lib/x86_64-linux-gnu/libstdc++.so.6.0.21
7fbffcff9000-7fbffcffb000 rw-p 0017c000 08:01 2237589                    /usr/lib/x86_64-linux-gnu/libstdc++.so.6.0.21
7fbffcffb000-7fc000000000 rw-p 00000000 00:00 0 
7fc000000000-7fc00099f000 rw-p 00000000 00:00 0 
7fc00099f000-7fc004000000 ---p 00000000 00:00 0 
7fc004000000-7fc004021000 rw-p 00000000 00:00 0 
7fc004021000-7fc008000000 ---p 00000000 00:00 0 
7fc008000000-7fc008021000 rw-p 00000000 00:00 0 
7fc008021000-7fc00c000000 ---p 00000000 00:00 0 
7fc00c000000-7fc00e83b000 rw-p 00000000 00:00 0 
7fc00e83b000-7fc010000000 ---p 00000000 00:00 0 
7fc010000000-7fc010021000 rw-p 00000000 00:00 0 
7fc010021000-7fc014000000 ---p 00000000 00:00 0 
7fc014000000-7fc014021000 rw-p 00000000 00:00 0 
7fc014021000-7fc018000000 ---p 00000000 00:00 0 
7fc018000000-7fc018110000 rw-p 00000000 00:00 0 
7fc018110000-7fc01c000000 ---p 00000000 00:00 0 
7fc01c000000-7fc01c2b1000 rw-p 00000000 00:00 0 
7fc01c2b1000-7fc020000000 ---p 00000000 00:00 0 
7fc020000000-7fc0202b7000 rw-p 00000000 00:00 0 
7fc0202b7000-7fc024000000 ---p 00000000 00:00 0 
7fc024000000-7fc02400f000 r--s 0005b000 08:01 8918273                    /home/hayden/.gradle/wrapper/dists/gradle-4.1-all/bzyivzo6n839fup2jbap0tjew/gradle-4.1/lib/plugins/gradle-platform-native-4.1.jar
7fc02400f000-7fc024013000 r--s 0001b000 08:01 8918270                    /home/hayden/.gradle/wrapper/dists/gradle-4.1-all/bzyivzo6n839fup2jbap0tjew/gradle-4.1/lib/plugins/gradle-platform-jvm-4.1.jar
7fc024013000-7fc02401b000 r--s 00027000 08:01 8918278                    /home/hayden/.gradle/wrapper/dists/gradle-4.1-all/bzyivzo6n839fup2jbap0tjew/gradle-4.1/lib/plugins/gradle-platform-base-4.1.jar
7fc02401b000-7fc024043000 r--s 0021c000 08:01 8918289                    /home/hayden/.gradle/wrapper/dists/gradle-4.1-all/bzyivzo6n839fup2jbap0tjew/gradle-4.1/lib/plugins/biz.aQute.bndlib-3.2.0.jar
7fc024043000-7fc024044000 r--s 00004000 08:01 8918245                    /home/hayden/.gradle/wrapper/dists/gradle-4.1-all/bzyivzo6n839fup2jbap0tjew/gradle-4.1/lib/plugins/gradle-osgi-4.1.jar
7fc024044000-7fc024047000 r--s 0000c000 08:01 8918292                    /home/hayden/.gradle/wrapper/dists/gradle-4.1-all/bzyivzo6n839fup2jbap0tjew/gradle-4.1/lib/plugins/pmaven-groovy-0.8-20100325.jar
7fc024047000-7fc024048000 r--s 00004000 08:01 8918291                    /home/hayden/.gradle/wrapper/dists/gradle-4.1-all/bzyivzo6n839fup2jbap0tjew/gradle-4.1/lib/plugins/pmaven-common-0.8-20100325.jar
7fc024048000-7fc02404e000 r--s 00023000 08:01 8918248                    /home/hayden/.gradle/wrapper/dists/gradle-4.1-all/bzyivzo6n839fup2jbap0tjew/gradle-4.1/lib/plugins/gradle-maven-4.1.jar
7fc02404e000-7fc024051000 r--s 0000b000 08:01 8918266                    /home/hayden/.gradle/wrapper/dists/gradle-4.1-all/bzyivzo6n839fup2jbap0tjew/gradle-4.1/lib/plugins/gradle-language-scala-4.1.jar
7fc024051000-7fc024058000 r--s 00020000 08:01 8918272                    /home/hayden/.gradle/wrapper/dists/gradle-4.1-all/bzyivzo6n839fup2jbap0tjew/gradle-4.1/lib/plugins/gradle-language-native-4.1.jar
7fc024058000-7fc02405a000 r--s 00005000 08:01 8918269                    /home/hayden/.gradle/wrapper/dists/gradle-4.1-all/bzyivzo6n839fup2jbap0tjew/gradle-4.1/lib/plugins/gradle-language-jvm-4.1.jar
7fc02405a000-7fc024061000 r--s 0002f000 08:01 8918268                    /home/hayden/.gradle/wrapper/dists/gradle-4.1-all/bzyivzo6n839fup2jbap0tjew/gradle-4.1/lib/plugins/gradle-language-java-4.1.jar
7fc024061000-7fc024064000 r--s 0000a000 08:01 8918265                    /home/hayden/.gradle/wrapper/dists/gradle-4.1-all/bzyivzo6n839fup2jbap0tjew/gradle-4.1/lib/plugins/gradle-language-groovy-4.1.jar
7fc024064000-7fc02406b000 r--s 00035000 08:01 8918298                    /home/hayden/.gradle/wrapper/dists/gradle-4.1-all/bzyivzo6n839fup2jbap0tjew/gradle-4.1/lib/plugins/simple-4.1.21.jar
7fc02406b000-7fc024077000 r--s 00100000 08:01 8918296                    /home/hayden/.gradle/wrapper/dists/gradle-4.1-all/bzyivzo6n839fup2jbap0tjew/gradle-4.1/lib/plugins/rhino-1.7R3.jar
7fc024077000-7fc02407b000 r--s 00012000 08:01 8918256                    /home/hayden/.gradle/wrapper/dists/gradle-4.1-all/bzyivzo6n839fup2jbap0tjew/gradle-4.1/lib/plugins/gradle-javascript-4.1.jar
7fc02407b000-7fc02407e000 r--s 00011000 08:01 8918258                    /home/hayden/.gradle/wrapper/dists/gradle-4.1-all/bzyivzo6n839fup2jbap0tjew/gradle-4.1/lib/plugins/gradle-jacoco-4.1.jar
7fc02407e000-7fc024081000 r--s 0000e000 08:01 8918257                    /home/hayden/.gradle/wrapper/dists/gradle-4.1-all/bzyivzo6n839fup2jbap0tjew/gradle-4.1/lib/plugins/gradle-ivy-4.1.jar
7fc024081000-7fc024082000 r--s 00002000 08:01 8918249                    /home/hayden/.gradle/wrapper/dists/gradle-4.1-all/bzyivzo6n839fup2jbap0tjew/gradle-4.1/lib/plugins/gradle-ide-play-4.1.jar
7fc024082000-7fc024085000 r--s 00013000 08:01 8918250                    /home/hayden/.gradle/wrapper/dists/gradle-4.1-all/bzyivzo6n839fup2jbap0tjew/gradle-4.1/lib/plugins/gradle-ide-native-4.1.jar
7fc024085000-7fc02408f000 r--s 00054000 08:01 8918251                    /home/hayden/.gradle/wrapper/dists/gradle-4.1-all/bzyivzo6n839fup2jbap0tjew/gradle-4.1/lib/plugins/gradle-ide-4.1.jar
7fc02408f000-7fc024091000 r--s 00007000 08:01 8918254                    /home/hayden/.gradle/wrapper/dists/gradle-4.1-all/bzyivzo6n839fup2jbap0tjew/gradle-4.1/lib/plugins/gradle-ear-4.1.jar
7fc024091000-7fc024093000 r--s 00005000 08:01 8918286                    /home/hayden/.gradle/wrapper/dists/gradle-4.1-all/bzyivzo6n839fup2jbap0tjew/gradle-4.1/lib/plugins/jatl-0.2.2.jar
7fc024093000-7fc02409a000 r--s 00038000 08:01 8918274                    /home/hayden/.gradle/wrapper/dists/gradle-4.1-all/bzyivzo6n839fup2jbap0tjew/gradle-4.1/lib/plugins/gradle-diagnostics-4.1.jar
7fc02409a000-7fc02409c000 r--s 0000b000 08:01 8918263                    /home/hayden/.gradle/wrapper/dists/gradle-4.1-all/bzyivzo6n839fup2jbap0tjew/gradle-4.1/lib/plugins/gradle-composite-builds-4.1.jar
7fc02409c000-7fc0240a1000 r--s 00025000 08:01 8918243                    /home/hayden/.gradle/wrapper/dists/gradle-4.1-all/bzyivzo6n839fup2jbap0tjew/gradle-4.1/lib/plugins/gradle-code-quality-4.1.jar
7fc0240a1000-7fc0240a6000 r--s 00022000 08:01 8918259                    /home/hayden/.gradle/wrapper/dists/gradle-4.1-all/bzyivzo6n839fup2jbap0tjew/gradle-4.1/lib/plugins/gradle-build-init-4.1.jar
7fc0240a6000-7fc0240ac000 r--s 0008e000 08:01 8918253                    /home/hayden/.gradle/wrapper/dists/gradle-4.1-all/bzyivzo6n839fup2jbap0tjew/gradle-4.1/lib/plugins/gradle-build-comparison-4.1.jar
7fc0240ac000-7fc0240ad000 r--s 00002000 08:01 8918281                    /home/hayden/.gradle/wrapper/dists/gradle-4.1-all/bzyivzo6n839fup2jbap0tjew/gradle-4.1/lib/plugins/gradle-build-cache-http-4.1.jar
7fc0240ad000-7fc0240af000 r--s 00008000 08:01 8918244                    /home/hayden/.gradle/wrapper/dists/gradle-4.1-all/bzyivzo6n839fup2jbap0tjew/gradle-4.1/lib/plugins/gradle-antlr-4.1.jar
7fc0240af000-7fc0240b1000 r--s 00004000 08:01 8918264                    /home/hayden/.gradle/wrapper/dists/gradle-4.1-all/bzyivzo6n839fup2jbap0tjew/gradle-4.1/lib/plugins/gradle-announce-4.1.jar
7fc0240b1000-7fc0240b3000 r--s 00008000 08:01 8918184                    /home/hayden/.gradle/wrapper/dists/gradle-4.1-all/bzyivzo6n839fup2jbap0tjew/gradle-4.1/lib/gradle-kotlin-dsl-tooling-builders-0.10.3.jar
7fc0240b3000-7fc0240b6000 r--s 0001c000 08:01 8918302                    /home/hayden/.gradle/wrapper/dists/gradle-4.1-all/bzyivzo6n839fup2jbap0tjew/gradle-4.1/lib/plugins/nekohtml-1.9.14.jar
7fc0240b6000-7fc0240be000 r--s 00028000 08:01 8918343                    /home/hayden/.gradle/wrapper/dists/gradle-4.1-all/bzyivzo6n839fup2jbap0tjew/gradle-4.1/lib/plugins/xml-apis-1.3.04.jar
7fc0240be000-7fc0240d6000 r--s 00115000 08:01 8918303                    /home/hayden/.gradle/wrapper/dists/gradle-4.1-all/bzyivzo6n839fup2jbap0tjew/gradle-4.1/lib/plugins/xercesImpl-2.9.1.jar
7fc0240d6000-7fc0240dc000 r--s 0005b000 08:01 8918301                    /home/hayden/.gradle/wrapper/dists/gradle-4.1-all/bzyivzo6n839fup2jbap0tjew/gradle-4.1/lib/plugins/jcifs-1.3.17.jar
7fc0240dc000-7fc0240e3000 r--s 00049000 08:01 8918342                    /home/hayden/.gradle/wrapper/dists/gradle-4.1-all/bzyivzo6n839fup2jbap0tjew/gradle-4.1/lib/plugins/httpcore-4.4.4.jar
7fc0240e3000-7fc0240e9000 r--s 00033000 08:01 8918294                    /home/hayden/.gradle/wrapper/dists/gradle-4.1-all/bzyivzo6n839fup2jbap0tjew/gradle-4.1/lib/plugins/commons-codec-1.6.jar
7fc0240e9000-7fc0240f6000 r--s 000a4000 08:01 8918287                    /home/hayden/.gradle/wrapper/dists/gradle-4.1-all/bzyivzo6n839fup2jbap0tjew/gradle-4.1/lib/plugins/httpclient-4.4.1.jar
7fc0240f6000-7fc0240f8000 r--s 0000b000 08:01 8918282                    /home/hayden/.gradle/wrapper/dists/gradle-4.1-all/bzyivzo6n839fup2jbap0tjew/gradle-4.1/lib/plugins/gradle-resources-http-4.1.jar
7fc0240f8000-7fc0240fc000 r--s 00017000 08:01 8918279                    /home/hayden/.gradle/wrapper/dists/gradle-4.1-all/bzyivzo6n839fup2jbap0tjew/gradle-4.1/lib/plugins/gradle-plugin-use-4.1.jar
7fc0240fc000-7fc0240fd000 r--s 00000000 08:01 8918190                    /home/hayden/.gradle/wrapper/dists/gradle-4.1-all/bzyivzo6n839fup2jbap0tjew/gradle-4.1/lib/gradle-runtime-api-info-4.1.jar
7fc0240fd000-7fc0240fe000 r--s 00000000 08:01 8918193                    /home/hayden/.gradle/wrapper/dists/gradle-4.1-all/bzyivzo6n839fup2jbap0tjew/gradle-4.1/lib/gradle-installation-beacon-4.1.jar
7fc0240fe000-7fc02413e000 r--s 00277000 08:01 8918314                    /home/hayden/.gradle/wrapper/dists/gradle-4.1-all/bzyivzo6n839fup2jbap0tjew/gradle-4.1/lib/plugins/bcprov-jdk15on-1.51.jar
7fc02413e000-7fc024142000 r--s 0001d000 08:01 8918313                    /home/hayden/.gradle/wrapper/dists/gradle-4.1-all/bzyivzo6n839fup2jbap0tjew/gradle-4.1/lib/plugins/xbean-reflect-3.4.jar
7fc024142000-7fc024144000 r--s 0000a000 08:01 8918315                    /home/hayden/.gradle/wrapper/dists/gradle-4.1-all/bzyivzo6n839fup2jbap0tjew/gradle-4.1/lib/plugins/maven-settings-3.0.4.jar
7fc024144000-7fc024147000 r--s 00008000 08:01 8918316                    /home/hayden/.gradle/wrapper/dists/gradle-4.1-all/bzyivzo6n839fup2jbap0tjew/gradle-4.1/lib/plugins/maven-settings-builder-3.0.4.jar
7fc024147000-7fc02414b000 r--s 00033000 08:01 8918317                    /home/hayden/.gradle/wrapper/dists/gradle-4.1-all/bzyivzo6n839fup2jbap0tjew/gradle-4.1/lib/plugins/plexus-utils-2.0.6.jar
7fc02414b000-7fc02414d000 r--s 0000d000 08:01 8918318                    /home/hayden/.gradle/wrapper/dists/gradle-4.1-all/bzyivzo6n839fup2jbap0tjew/gradle-4.1/lib/plugins/plexus-interpolation-1.14.jar
7fc02414d000-7fc02414f000 r--s 00000000 08:01 8918293                    /home/hayden/.gradle/wrapper/dists/gradle-4.1-all/bzyivzo6n839fup2jbap0tjew/gradle-4.1/lib/plugins/plexus-component-annotations-1.5.5.jar
7fc02414f000-7fc024156000 r--s 0002e000 08:01 8918319                    /home/hayden/.gradle/wrapper/dists/gradle-4.1-all/bzyivzo6n839fup2jbap0tjew/gradle-4.1/lib/plugins/plexus-container-default-1.5.5.jar
7fc024156000-7fc024158000 r--s 0000a000 08:01 8918320                    /home/hayden/.gradle/wrapper/dists/gradle-4.1-all/bzyivzo6n839fup2jbap0tjew/gradle-4.1/lib/plugins/plexus-classworlds-2.4.jar
7fc024158000-7fc02415a000 r--s 00002000 08:01 8918321                    /home/hayden/.gradle/wrapper/dists/gradle-4.1-all/bzyivzo6n839fup2jbap0tjew/gradle-4.1/lib/plugins/plexus-cipher-1.7.jar
7fc02415a000-7fc02415b000 r--s 00006000 08:01 8918322                    /home/hayden/.gradle/wrapper/dists/gradle-4.1-all/bzyivzo6n839fup2jbap0tjew/gradle-4.1/lib/plugins/plexus-sec-dispatcher-1.3.jar
7fc02415b000-7fc024161000 r--s 0003f000 08:01 8918323                    /home/hayden/.gradle/wrapper/dists/gradle-4.1-all/bzyivzo6n839fup2jbap0tjew/gradle-4.1/lib/plugins/maven-compat-3.0.4.jar
7fc024161000-7fc024165000 r--s 00021000 08:01 8918324                    /home/hayden/.gradle/wrapper/dists/gradle-4.1-all/bzyivzo6n839fup2jbap0tjew/gradle-4.1/lib/plugins/maven-model-builder-3.0.4.jar
7fc024165000-7fc024167000 r--s 00026000 08:01 8918325                    /home/hayden/.gradle/wrapper/dists/gradle-4.1-all/bzyivzo6n839fup2jbap0tjew/gradle-4.1/lib/plugins/maven-model-3.0.4.jar
7fc024167000-7fc024169000 r--s 0000b000 08:01 8918326                    /home/hayden/.gradle/wrapper/dists/gradle-4.1-all/bzyivzo6n839fup2jbap0tjew/gradle-4.1/lib/plugins/maven-artifact-3.0.4.jar
7fc024169000-7fc02416b000 r--s 00006000 08:01 8918327                    /home/hayden/.gradle/wrapper/dists/gradle-4.1-all/bzyivzo6n839fup2jbap0tjew/gradle-4.1/lib/plugins/maven-repository-metadata-3.0.4.jar
7fc02416b000-7fc02416d000 r--s 0000b000 08:01 8918328                    /home/hayden/.gradle/wrapper/dists/gradle-4.1-all/bzyivzo6n839fup2jbap0tjew/gradle-4.1/lib/plugins/maven-plugin-api-3.0.4.jar
7fc02416d000-7fc02416f000 r--s 0000c000 08:01 8918329                    /home/hayden/.gradle/wrapper/dists/gradle-4.1-all/bzyivzo6n839fup2jbap0tjew/gradle-4.1/lib/plugins/maven-aether-provider-3.0.4.jar
7fc02416f000-7fc024170000 r--s 00002000 08:01 8918330                    /home/hayden/.gradle/wrapper/dists/gradle-4.1-all/bzyivzo6n839fup2jbap0tjew/gradle-4.1/lib/plugins/wagon-file-2.4.jar
7fc024170000-7fc024171000 r--s 00002000 08:01 8918331                    /home/hayden/.gradle/wrapper/dists/gradle-4.1-all/bzyivzo6n839fup2jbap0tjew/gradle-4.1/lib/plugins/wagon-http-2.4.jar
7fc024171000-7fc024173000 r--s 0000b000 08:01 8918332                    /home/hayden/.gradle/wrapper/dists/gradle-4.1-all/bzyivzo6n839fup2jbap0tjew/gradle-4.1/lib/plugins/wagon-provider-api-2.4.jar
7fc024173000-7fc024174000 r--s 00007000 08:01 8918333                    /home/hayden/.gradle/wrapper/dists/gradle-4.1-all/bzyivzo6n839fup2jbap0tjew/gradle-4.1/lib/plugins/wagon-http-shared4-2.4.jar
7fc024174000-7fc024177000 r--s 00013000 08:01 8918334                    /home/hayden/.gradle/wrapper/dists/gradle-4.1-all/bzyivzo6n839fup2jbap0tjew/gradle-4.1/lib/plugins/aether-api-1.13.1.jar
7fc024177000-7fc02417a000 r--s 0001d000 08:01 8918335                    /home/hayden/.gradle/wrapper/dists/gradle-4.1-all/bzyivzo6n839fup2jbap0tjew/gradle-4.1/lib/plugins/aether-impl-1.13.1.jar
7fc02417a000-7fc02417b000 r--s 00003000 08:01 8918336                    /home/hayden/.gradle/wrapper/dists/gradle-4.1-all/bzyivzo6n839fup2jbap0tjew/gradle-4.1/lib/plugins/aether-spi-1.13.1.jar
7fc02417b000-7fc02417f000 r--s 0001c000 08:01 8918337                    /home/hayden/.gradle/wrapper/dists/gradle-4.1-all/bzyivzo6n839fup2jbap0tjew/gradle-4.1/lib/plugins/aether-util-1.13.1.jar
7fc02417f000-7fc024181000 r--s 00006000 08:01 8918338                    /home/hayden/.gradle/wrapper/dists/gradle-4.1-all/bzyivzo6n839fup2jbap0tjew/gradle-4.1/lib/plugins/aether-connector-wagon-1.13.1.jar
7fc024181000-7fc02418d000 r--s 0007d000 08:01 8918290                    /home/hayden/.gradle/wrapper/dists/gradle-4.1-all/bzyivzo6n839fup2jbap0tjew/gradle-4.1/lib/plugins/maven-core-3.0.4.jar
7fc02418d000-7fc024192000 r--s 00034000 08:01 8918297                    /home/hayden/.gradle/wrapper/dists/gradle-4.1-all/bzyivzo6n839fup2jbap0tjew/gradle-4.1/lib/plugins/gson-2.7.jar
7fc024192000-7fc024197000 r--s 00040000 08:01 8918305                    /home/hayden/.gradle/wrapper/dists/gradle-4.1-all/bzyivzo6n839fup2jbap0tjew/gradle-4.1/lib/plugins/jsch-0.1.54.jar
7fc024197000-7fc0241a6000 r--s 000d9000 08:01 8918304                    /home/hayden/.gradle/wrapper/dists/gradle-4.1-all/bzyivzo6n839fup2jbap0tjew/gradle-4.1/lib/plugins/ivy-2.2.0.jar
7fc0241a6000-7fc0241ca000 r--s 0011a000 08:01 8918285                    /home/hayden/.gradle/wrapper/dists/gradle-4.1-all/bzyivzo6n839fup2jbap0tjew/gradle-4.1/lib/plugins/gradle-dependency-management-4.1.jar
7fc0241ca000-7fc0241cd000 r--s 0000d000 08:01 8918284                    /home/hayden/.gradle/wrapper/dists/gradle-4.1-all/bzyivzo6n839fup2jbap0tjew/gradle-4.1/lib/plugins/gradle-workers-4.1.jar
7fc0241cd000-7fc0241d2000 r-xp 00000000 08:01 8919995                    /home/hayden/.gradle/native/25/linux-amd64/libnative-platform.so
7fc0241d2000-7fc0243d1000 ---p 00005000 08:01 8919995                    /home/hayden/.gradle/native/25/linux-amd64/libnative-platform.so
7fc0243d1000-7fc0243d2000 rw-p 00004000 08:01 8919995                    /home/hayden/.gradle/native/25/linux-amd64/libnative-platform.so
7fc0243d2000-7fc0243e3000 r-xp 00000000 08:01 8393051                    /home/hayden/android-studio/jre/jre/lib/amd64/libnio.so
7fc0243e3000-7fc0245e2000 ---p 00011000 08:01 8393051                    /home/hayden/android-studio/jre/jre/lib/amd64/libnio.so
7fc0245e2000-7fc0245e3000 r--p 00010000 08:01 8393051                    /home/hayden/android-studio/jre/jre/lib/amd64/libnio.so
7fc0245e3000-7fc0245e4000 rw-p 00011000 08:01 8393051                    /home/hayden/android-studio/jre/jre/lib/amd64/libnio.so
7fc0245e4000-7fc0245fa000 r-xp 00000000 08:01 8393053                    /home/hayden/android-studio/jre/jre/lib/amd64/libnet.so
7fc0245fa000-7fc0247fa000 ---p 00016000 08:01 8393053                    /home/hayden/android-studio/jre/jre/lib/amd64/libnet.so
7fc0247fa000-7fc0247fb000 r--p 00016000 08:01 8393053                    /home/hayden/android-studio/jre/jre/lib/amd64/libnet.so
7fc0247fb000-7fc0247fc000 rw-p 00017000 08:01 8393053                    /home/hayden/android-studio/jre/jre/lib/amd64/libnet.so
7fc0247fc000-7fc0247fd000 r--s 00006000 08:01 8918192                    /home/hayden/.gradle/wrapper/dists/gradle-4.1-all/bzyivzo6n839fup2jbap0tjew/gradle-4.1/lib/gradle-wrapper-4.1.jar
7fc0247fd000-7fc02480a000 r--s 00043000 08:01 8918191                    /home/hayden/.gradle/wrapper/dists/gradle-4.1-all/bzyivzo6n839fup2jbap0tjew/gradle-4.1/lib/gradle-tooling-api-4.1.jar
7fc02480a000-7fc024819000 r--s 000c8000 08:01 8918188                    /home/hayden/.gradle/wrapper/dists/gradle-4.1-all/bzyivzo6n839fup2jbap0tjew/gradle-4.1/lib/kotlin-stdlib-1.1.3-2.jar
7fc024819000-7fc02484b000 r--s 0021b000 08:01 8918187                    /home/hayden/.gradle/wrapper/dists/gradle-4.1-all/bzyivzo6n839fup2jbap0tjew/gradle-4.1/lib/kotlin-reflect-1.1.3-2.jar
7fc02484b000-7fc024a02000 r--s 01786000 08:01 8918186                    /home/hayden/.gradle/wrapper/dists/gradle-4.1-all/bzyivzo6n839fup2jbap0tjew/gradle-4.1/lib/kotlin-compiler-embeddable-1.1.3-2.jar
7fc024a02000-7fc024a03000 r--s 00000000 08:01 8918185                    /home/hayden/.gradle/wrapper/dists/gradle-4.1-all/bzyivzo6n839fup2jbap0tjew/gradle-4.1/lib/gradle-kotlin-dsl-tooling-models-0.10.3.jar
7fc024a03000-7fc024a04000 r--s 00001000 08:01 8918183                    /home/hayden/.gradle/wrapper/dists/gradle-4.1-all/bzyivzo6n839fup2jbap0tjew/gradle-4.1/lib/gradle-kotlin-dsl-compiler-plugin-0.10.3.jar
7fc024a04000-7fc024a06000 r--s 00003000 08:01 8918181                    /home/hayden/.gradle/wrapper/dists/gradle-4.1-all/bzyivzo6n839fup2jbap0tjew/gradle-4.1/lib/annotations-13.0.jar
7fc024a06000-7fc024a10000 r--s 00073000 08:01 8918182                    /home/hayden/.gradle/wrapper/dists/gradle-4.1-all/bzyivzo6n839fup2jbap0tjew/gradle-4.1/lib/gradle-kotlin-dsl-0.10.3.jar
7fc024a10000-7fc024a15000 r--s 00013000 08:01 8918198                    /home/hayden/.gradle/wrapper/dists/gradle-4.1-all/bzyivzo6n839fup2jbap0tjew/gradle-4.1/lib/gradle-resources-4.1.jar
7fc024a15000-7fc024a17000 r--s 00005000 08:01 8918205                    /home/hayden/.gradle/wrapper/dists/gradle-4.1-all/bzyivzo6n839fup2jbap0tjew/gradle-4.1/lib/gradle-cli-4.1.jar
7fc024a17000-7fc024a19000 r--s 00003000 08:01 8918212                    /home/hayden/.gradle/wrapper/dists/gradle-4.1-all/bzyivzo6n839fup2jbap0tjew/gradle-4.1/lib/jcl-over-slf4j-1.7.10.jar
7fc024a19000-7fc024a1a000 r--s 00005000 08:01 8918211                    /home/hayden/.gradle/wrapper/dists/gradle-4.1-all/bzyivzo6n839fup2jbap0tjew/gradle-4.1/lib/log4j-over-slf4j-1.7.10.jar
7fc024a1a000-7fc024a1c000 r--s 00000000 08:01 8918210                    /home/hayden/.gradle/wrapper/dists/gradle-4.1-all/bzyivzo6n839fup2jbap0tjew/gradle-4.1/lib/jul-to-slf4j-1.7.10.jar
7fc024a1c000-7fc024a23000 r--s 0002c000 08:01 8918196                    /home/hayden/.gradle/wrapper/dists/gradle-4.1-all/bzyivzo6n839fup2jbap0tjew/gradle-4.1/lib/gradle-logging-4.1.jar
7fc024a23000-7fc024a33000 r--s 00082000 08:01 8918201                    /home/hayden/.gradle/wrapper/dists/gradle-4.1-all/bzyivzo6n839fup2jbap0tjew/gradle-4.1/lib/gradle-model-core-4.1.jar
7fc024a33000-7fc024a35000 r--s 00006000 08:01 8918202                    /home/hayden/.gradle/wrapper/dists/gradle-4.1-all/bzyivzo6n839fup2jbap0tjew/gradle-4.1/lib/gradle-base-services-groovy-4.1.jar
7fc024a35000-7fc024a37000 r--s 00007000 08:01 8918200                    /home/hayden/.gradle/wrapper/dists/gradle-4.1-all/bzyivzo6n839fup2jbap0tjew/gradle-4.1/lib/gradle-model-groovy-4.1.jar
7fc024a37000-7fc024a38000 r--s 00002000 08:01 8918223                    /home/hayden/.gradle/wrapper/dists/gradle-4.1-all/bzyivzo6n839fup2jbap0tjew/gradle-4.1/lib/gradle-docs-4.1.jar
7fc024a38000-7fc024a45000 r--s 00083000 08:01 8918221                    /home/hayden/.gradle/wrapper/dists/gradle-4.1-all/bzyivzo6n839fup2jbap0tjew/gradle-4.1/lib/commons-collections-3.2.2.jar
7fc024a45000-7fc024a46000 r--s 00000000 08:01 8918220                    /home/hayden/.gradle/wrapper/dists/gradle-4.1-all/bzyivzo6n839fup2jbap0tjew/gradle-4.1/lib/javax.inject-1.jar
7fc024a46000-7fc024ab6000 r--s 00645000 08:01 8918218                    /home/hayden/.gradle/wrapper/dists/gradle-4.1-all/bzyivzo6n839fup2jbap0tjew/gradle-4.1/lib/groovy-all-2.4.11.jar
7fc024ab6000-7fc024ab9000 r--s 00023000 08:01 8918224                    /home/hayden/.gradle/wrapper/dists/gradle-4.1-all/bzyivzo6n839fup2jbap0tjew/gradle-4.1/lib/jansi-1.14.jar
7fc024ab9000-7fc024aba000 r--s 00004000 08:01 8918226                    /home/hayden/.gradle/wrapper/dists/gradle-4.1-all/bzyivzo6n839fup2jbap0tjew/gradle-4.1/lib/native-platform-freebsd-amd64-libcpp-0.14.jar
7fc024aba000-7fc024abb000 r--s 00004000 08:01 8918227                    /home/hayden/.gradle/wrapper/dists/gradle-4.1-all/bzyivzo6n839fup2jbap0tjew/gradle-4.1/lib/native-platform-freebsd-amd64-libstdcpp-0.14.jar
7fc024abb000-7fc024abc000 r--s 00004000 08:01 8918228                    /home/hayden/.gradle/wrapper/dists/gradle-4.1-all/bzyivzo6n839fup2jbap0tjew/gradle-4.1/lib/native-platform-freebsd-i386-libcpp-0.14.jar
7fc024abc000-7fc024abd000 r--s 00003000 08:01 8918229                    /home/hayden/.gradle/wrapper/dists/gradle-4.1-all/bzyivzo6n839fup2jbap0tjew/gradle-4.1/lib/native-platform-freebsd-i386-libstdcpp-0.14.jar
7fc024abd000-7fc024abe000 r--s 00002000 08:01 8918230                    /home/hayden/.gradle/wrapper/dists/gradle-4.1-all/bzyivzo6n839fup2jbap0tjew/gradle-4.1/lib/native-platform-linux-amd64-0.14.jar
7fc024abe000-7fc024abf000 r--s 00002000 08:01 8918231                    /home/hayden/.gradle/wrapper/dists/gradle-4.1-all/bzyivzo6n839fup2jbap0tjew/gradle-4.1/lib/native-platform-linux-i386-0.14.jar
7fc024abf000-7fc024ac1000 r--s 00002000 08:01 8918232                    /home/hayden/.gradle/wrapper/dists/gradle-4.1-all/bzyivzo6n839fup2jbap0tjew/gradle-4.1/lib/native-platform-osx-amd64-0.14.jar
7fc024ac1000-7fc024ac2000 r--s 00003000 08:01 8918233                    /home/hayden/.gradle/wrapper/dists/gradle-4.1-all/bzyivzo6n839fup2jbap0tjew/gradle-4.1/lib/native-platform-osx-i386-0.14.jar
7fc024ac2000-7fc024ac4000 r--s 0000b000 08:01 8918234                    /home/hayden/.gradle/wrapper/dists/gradle-4.1-all/bzyivzo6n839fup2jbap0tjew/gradle-4.1/lib/native-platform-windows-amd64-0.14.jar
7fc024ac4000-7fc024aec000 r--s 001cf000 08:01 8918214                    /home/hayden/.gradle/wrapper/dists/gradle-4.1-all/bzyivzo6n839fup2jbap0tjew/gradle-4.1/lib/guava-jdk5-17.0.jar
7fc024aec000-7fc024b36000 r--s 00253000 08:01 8918194                    /home/hayden/.gradle/wrapper/dists/gradle-4.1-all/bzyivzo6n839fup2jbap0tjew/gradle-4.1/lib/gradle-core-4.1.jar
7fc024b36000-7fc024b37000 ---p 00000000 00:00 0 
7fc024b37000-7fc024c37000 rw-p 00000000 00:00 0 
7fc024c37000-7fc024c3a000 ---p 00000000 00:00 0 
7fc024c3a000-7fc024d38000 rw-p 00000000 00:00 0 
7fc024d38000-7fc024d3b000 ---p 00000000 00:00 0 
7fc024d3b000-7fc024e39000 rw-p 00000000 00:00 0 
7fc024e39000-7fc024e3c000 ---p 00000000 00:00 0 
7fc024e3c000-7fc024f3a000 rw-p 00000000 00:00 0 
7fc024f3a000-7fc024f3d000 ---p 00000000 00:00 0 
7fc024f3d000-7fc02503b000 rw-p 00000000 00:00 0 
7fc02503b000-7fc0259fa000 r--p 00000000 08:01 2235491                    /usr/lib/locale/locale-archive
7fc0259fa000-7fc0259fd000 ---p 00000000 00:00 0 
7fc0259fd000-7fc025afb000 rw-p 00000000 00:00 0 
7fc025afb000-7fc025afe000 ---p 00000000 00:00 0 
7fc025afe000-7fc025bfc000 rw-p 00000000 00:00 0 
7fc025bfc000-7fc025bfd000 ---p 00000000 00:00 0 
7fc025bfd000-7fc029000000 rw-p 00000000 00:00 0 
7fc029000000-7fc02a950000 rwxp 00000000 00:00 0 
7fc02a950000-7fc038000000 ---p 00000000 00:00 0 
7fc038000000-7fc038f90000 rw-p 00000000 00:00 0 
7fc038f90000-7fc03c000000 ---p 00000000 00:00 0 
7fc03c000000-7fc03c001000 r--s 0000b000 08:01 8918235                    /home/hayden/.gradle/wrapper/dists/gradle-4.1-all/bzyivzo6n839fup2jbap0tjew/gradle-4.1/lib/native-platform-windows-i386-0.14.jar
7fc03c001000-7fc03c002000 r--s 00001000 08:01 8918236                    /home/hayden/.gradle/wrapper/dists/gradle-4.1-all/bzyivzo6n839fup2jbap0tjew/gradle-4.1/lib/native-platform-linux-amd64-ncurses5-0.14.jar
7fc03c002000-7fc03c003000 r--s 00001000 08:01 8918237                    /home/hayden/.gradle/wrapper/dists/gradle-4.1-all/bzyivzo6n839fup2jbap0tjew/gradle-4.1/lib/native-platform-linux-amd64-ncurses6-0.14.jar
7fc03c003000-7fc03c004000 r--s 00001000 08:01 8918238                    /home/hayden/.gradle/wrapper/dists/gradle-4.1-all/bzyivzo6n839fup2jbap0tjew/gradle-4.1/lib/native-platform-linux-i386-ncurses5-0.14.jar
7fc03c004000-7fc03c008000 r--s 00012000 08:01 8918222                    /home/hayden/.gradle/wrapper/dists/gradle-4.1-all/bzyivzo6n839fup2jbap0tjew/gradle-4.1/lib/native-platform-0.14.jar
7fc03c008000-7fc03c00b000 r--s 0000c000 08:01 8918199                    /home/hayden/.gradle/wrapper/dists/gradle-4.1-all/bzyivzo6n839fup2jbap0tjew/gradle-4.1/lib/gradle-native-4.1.jar
7fc03c00b000-7fc03c00d000 r--s 0000f000 08:01 8918207                    /home/hayden/.gradle/wrapper/dists/gradle-4.1-all/bzyivzo6n839fup2jbap0tjew/gradle-4.1/lib/reflectasm-1.07-shaded.jar
7fc03c00d000-7fc03c00f000 r--s 00000000 08:01 8918240                    /home/hayden/.gradle/wrapper/dists/gradle-4.1-all/bzyivzo6n839fup2jbap0tjew/gradle-4.1/lib/minlog-1.2.jar
7fc03c00f000-7fc03c011000 r--s 00007000 08:01 8918241                    /home/hayden/.gradle/wrapper/dists/gradle-4.1-all/bzyivzo6n839fup2jbap0tjew/gradle-4.1/lib/objenesis-1.2.jar
7fc03c011000-7fc03c015000 r--s 00026000 08:01 8918206                    /home/hayden/.gradle/wrapper/dists/gradle-4.1-all/bzyivzo6n839fup2jbap0tjew/gradle-4.1/lib/kryo-2.20.jar
7fc03c015000-7fc03c01b000 r--s 0002b000 08:01 8918203                    /home/hayden/.gradle/wrapper/dists/gradle-4.1-all/bzyivzo6n839fup2jbap0tjew/gradle-4.1/lib/gradle-messaging-4.1.jar
7fc03c01b000-7fc03c01d000 r--s 00006000 08:01 8918197                    /home/hayden/.gradle/wrapper/dists/gradle-4.1-all/bzyivzo6n839fup2jbap0tjew/gradle-4.1/lib/gradle-process-services-4.1.jar
7fc03c01d000-7fc03c022000 r--s 00041000 08:01 8918216                    /home/hayden/.gradle/wrapper/dists/gradle-4.1-all/bzyivzo6n839fup2jbap0tjew/gradle-4.1/lib/commons-lang-2.6.jar
7fc03c022000-7fc03c041000 r--s 001d1000 08:01 8918219                    /home/hayden/.gradle/wrapper/dists/gradle-4.1-all/bzyivzo6n839fup2jbap0tjew/gradle-4.1/lib/ant-1.9.6.jar
7fc03c041000-7fc03c6d7000 rw-p 00000000 00:00 0 
7fc03c6d7000-7fc03c8a7000 r--s 03c46000 08:01 8393007                    /home/hayden/android-studio/jre/jre/lib/rt.jar
7fc03c8a7000-7fc03d41d000 rw-p 00000000 00:00 0 
7fc03d41d000-7fc03d41e000 ---p 00000000 00:00 0 
7fc03d41e000-7fc03d51e000 rw-p 00000000 00:00 0 
7fc03d51e000-7fc03d51f000 ---p 00000000 00:00 0 
7fc03d51f000-7fc03d653000 rw-p 00000000 00:00 0 
7fc03d653000-7fc03d81f000 ---p 00000000 00:00 0 
7fc03d81f000-7fc03d853000 rw-p 00000000 00:00 0 
7fc03d853000-7fc03da1f000 ---p 00000000 00:00 0 
7fc03da1f000-7fc03dae4000 rw-p 00000000 00:00 0 
7fc03dae4000-7fc03db1f000 ---p 00000000 00:00 0 
7fc03db1f000-7fc03db86000 rw-p 00000000 00:00 0 
7fc03db86000-7fc03dee0000 ---p 00000000 00:00 0 
7fc03dee0000-7fc03defa000 r-xp 00000000 08:01 8393028                    /home/hayden/android-studio/jre/jre/lib/amd64/libzip.so
7fc03defa000-7fc03e0fa000 ---p 0001a000 08:01 8393028                    /home/hayden/android-studio/jre/jre/lib/amd64/libzip.so
7fc03e0fa000-7fc03e0fb000 r--p 0001a000 08:01 8393028                    /home/hayden/android-studio/jre/jre/lib/amd64/libzip.so
7fc03e0fb000-7fc03e0fc000 rw-p 0001b000 08:01 8393028                    /home/hayden/android-studio/jre/jre/lib/amd64/libzip.so
7fc03e0fc000-7fc03e107000 r-xp 00000000 08:01 7737955                    /lib/x86_64-linux-gnu/libnss_files-2.23.so
7fc03e107000-7fc03e306000 ---p 0000b000 08:01 7737955                    /lib/x86_64-linux-gnu/libnss_files-2.23.so
7fc03e306000-7fc03e307000 r--p 0000a000 08:01 7737955                    /lib/x86_64-linux-gnu/libnss_files-2.23.so
7fc03e307000-7fc03e308000 rw-p 0000b000 08:01 7737955                    /lib/x86_64-linux-gnu/libnss_files-2.23.so
7fc03e308000-7fc03e30e000 rw-p 00000000 00:00 0 
7fc03e30e000-7fc03e319000 r-xp 00000000 08:01 7737965                    /lib/x86_64-linux-gnu/libnss_nis-2.23.so
7fc03e319000-7fc03e518000 ---p 0000b000 08:01 7737965                    /lib/x86_64-linux-gnu/libnss_nis-2.23.so
7fc03e518000-7fc03e519000 r--p 0000a000 08:01 7737965                    /lib/x86_64-linux-gnu/libnss_nis-2.23.so
7fc03e519000-7fc03e51a000 rw-p 0000b000 08:01 7737965                    /lib/x86_64-linux-gnu/libnss_nis-2.23.so
7fc03e51a000-7fc03e530000 r-xp 00000000 08:01 7737949                    /lib/x86_64-linux-gnu/libnsl-2.23.so
7fc03e530000-7fc03e72f000 ---p 00016000 08:01 7737949                    /lib/x86_64-linux-gnu/libnsl-2.23.so
7fc03e72f000-7fc03e730000 r--p 00015000 08:01 7737949                    /lib/x86_64-linux-gnu/libnsl-2.23.so
7fc03e730000-7fc03e731000 rw-p 00016000 08:01 7737949                    /lib/x86_64-linux-gnu/libnsl-2.23.so
7fc03e731000-7fc03e733000 rw-p 00000000 00:00 0 
7fc03e733000-7fc03e73b000 r-xp 00000000 08:01 7737951                    /lib/x86_64-linux-gnu/libnss_compat-2.23.so
7fc03e73b000-7fc03e93a000 ---p 00008000 08:01 7737951                    /lib/x86_64-linux-gnu/libnss_compat-2.23.so
7fc03e93a000-7fc03e93b000 r--p 00007000 08:01 7737951                    /lib/x86_64-linux-gnu/libnss_compat-2.23.so
7fc03e93b000-7fc03e93c000 rw-p 00008000 08:01 7737951                    /lib/x86_64-linux-gnu/libnss_compat-2.23.so
7fc03e93c000-7fc03e969000 r-xp 00000000 08:01 8393027                    /home/hayden/android-studio/jre/jre/lib/amd64/libjava.so
7fc03e969000-7fc03eb68000 ---p 0002d000 08:01 8393027                    /home/hayden/android-studio/jre/jre/lib/amd64/libjava.so
7fc03eb68000-7fc03eb69000 r--p 0002c000 08:01 8393027                    /home/hayden/android-studio/jre/jre/lib/amd64/libjava.so
7fc03eb69000-7fc03eb6b000 rw-p 0002d000 08:01 8393027                    /home/hayden/android-studio/jre/jre/lib/amd64/libjava.so
7fc03eb6b000-7fc03eb7b000 r-xp 00000000 08:01 8393033                    /home/hayden/android-studio/jre/jre/lib/amd64/libverify.so
7fc03eb7b000-7fc03ed7a000 ---p 00010000 08:01 8393033                    /home/hayden/android-studio/jre/jre/lib/amd64/libverify.so
7fc03ed7a000-7fc03ed7c000 r--p 0000f000 08:01 8393033                    /home/hayden/android-studio/jre/jre/lib/amd64/libverify.so
7fc03ed7c000-7fc03ed7d000 rw-p 00011000 08:01 8393033                    /home/hayden/android-studio/jre/jre/lib/amd64/libverify.so
7fc03ed7d000-7fc03ed84000 r-xp 00000000 08:01 7738010                    /lib/x86_64-linux-gnu/librt-2.23.so
7fc03ed84000-7fc03ef83000 ---p 00007000 08:01 7738010                    /lib/x86_64-linux-gnu/librt-2.23.so
7fc03ef83000-7fc03ef84000 r--p 00006000 08:01 7738010                    /lib/x86_64-linux-gnu/librt-2.23.so
7fc03ef84000-7fc03ef85000 rw-p 00007000 08:01 7738010                    /lib/x86_64-linux-gnu/librt-2.23.so
7fc03ef85000-7fc03f08d000 r-xp 00000000 08:01 7737926                    /lib/x86_64-linux-gnu/libm-2.23.so
7fc03f08d000-7fc03f28c000 ---p 00108000 08:01 7737926                    /lib/x86_64-linux-gnu/libm-2.23.so
7fc03f28c000-7fc03f28d000 r--p 00107000 08:01 7737926                    /lib/x86_64-linux-gnu/libm-2.23.so
7fc03f28d000-7fc03f28e000 rw-p 00108000 08:01 7737926                    /lib/x86_64-linux-gnu/libm-2.23.so
7fc03f28e000-7fc03fe86000 r-xp 00000000 08:01 8393037                    /home/hayden/android-studio/jre/jre/lib/amd64/server/libjvm.so
7fc03fe86000-7fc040086000 ---p 00bf8000 08:01 8393037                    /home/hayden/android-studio/jre/jre/lib/amd64/server/libjvm.so
7fc040086000-7fc040125000 r--p 00bf8000 08:01 8393037                    /home/hayden/android-studio/jre/jre/lib/amd64/server/libjvm.so
7fc040125000-7fc04014e000 rw-p 00c97000 08:01 8393037                    /home/hayden/android-studio/jre/jre/lib/amd64/server/libjvm.so
7fc04014e000-7fc040192000 rw-p 00000000 00:00 0 
7fc040192000-7fc0401aa000 r-xp 00000000 08:01 7738002                    /lib/x86_64-linux-gnu/libpthread-2.23.so
7fc0401aa000-7fc0403a9000 ---p 00018000 08:01 7738002                    /lib/x86_64-linux-gnu/libpthread-2.23.so
7fc0403a9000-7fc0403aa000 r--p 00017000 08:01 7738002                    /lib/x86_64-linux-gnu/libpthread-2.23.so
7fc0403aa000-7fc0403ab000 rw-p 00018000 08:01 7738002                    /lib/x86_64-linux-gnu/libpthread-2.23.so
7fc0403ab000-7fc0403af000 rw-p 00000000 00:00 0 
7fc0403af000-7fc0403b2000 r-xp 00000000 08:01 7737880                    /lib/x86_64-linux-gnu/libdl-2.23.so
7fc0403b2000-7fc0405b1000 ---p 00003000 08:01 7737880                    /lib/x86_64-linux-gnu/libdl-2.23.so
7fc0405b1000-7fc0405b2000 r--p 00002000 08:01 7737880                    /lib/x86_64-linux-gnu/libdl-2.23.so
7fc0405b2000-7fc0405b3000 rw-p 00003000 08:01 7737880                    /lib/x86_64-linux-gnu/libdl-2.23.so
7fc0405b3000-7fc040773000 r-xp 00000000 08:01 7737856                    /lib/x86_64-linux-gnu/libc-2.23.so
7fc040773000-7fc040973000 ---p 001c0000 08:01 7737856                    /lib/x86_64-linux-gnu/libc-2.23.so
7fc040973000-7fc040977000 r--p 001c0000 08:01 7737856                    /lib/x86_64-linux-gnu/libc-2.23.so
7fc040977000-7fc040979000 rw-p 001c4000 08:01 7737856                    /lib/x86_64-linux-gnu/libc-2.23.so
7fc040979000-7fc04097d000 rw-p 00000000 00:00 0 
7fc04097d000-7fc040993000 r-xp 00000000 08:01 8392976                    /home/hayden/android-studio/jre/lib/amd64/jli/libjli.so
7fc040993000-7fc040b92000 ---p 00016000 08:01 8392976                    /home/hayden/android-studio/jre/lib/amd64/jli/libjli.so
7fc040b92000-7fc040b93000 r--p 00015000 08:01 8392976                    /home/hayden/android-studio/jre/lib/amd64/jli/libjli.so
7fc040b93000-7fc040b94000 rw-p 00016000 08:01 8392976                    /home/hayden/android-studio/jre/lib/amd64/jli/libjli.so
7fc040b94000-7fc040bba000 r-xp 00000000 08:01 7737828                    /lib/x86_64-linux-gnu/ld-2.23.so
7fc040bba000-7fc040bbb000 r--s 00001000 08:01 8918239                    /home/hayden/.gradle/wrapper/dists/gradle-4.1-all/bzyivzo6n839fup2jbap0tjew/gradle-4.1/lib/native-platform-linux-i386-ncurses6-0.14.jar
7fc040bbb000-7fc040bbd000 r--s 00000000 08:01 8918195                    /home/hayden/.gradle/wrapper/dists/gradle-4.1-all/bzyivzo6n839fup2jbap0tjew/gradle-4.1/lib/gradle-jvm-services-4.1.jar
7fc040bbd000-7fc040bbe000 r--s 00000000 08:01 8918217                    /home/hayden/.gradle/wrapper/dists/gradle-4.1-all/bzyivzo6n839fup2jbap0tjew/gradle-4.1/lib/jcip-annotations-1.0.jar
7fc040bbe000-7fc040bc1000 r--s 00006000 08:01 8918215                    /home/hayden/.gradle/wrapper/dists/gradle-4.1-all/bzyivzo6n839fup2jbap0tjew/gradle-4.1/lib/jsr305-1.3.9.jar
7fc040bc1000-7fc040bc2000 r--s 00007000 08:01 8918213                    /home/hayden/.gradle/wrapper/dists/gradle-4.1-all/bzyivzo6n839fup2jbap0tjew/gradle-4.1/lib/slf4j-api-1.7.10.jar
7fc040bc2000-7fc040bc6000 r--s 00027000 08:01 8918209                    /home/hayden/.gradle/wrapper/dists/gradle-4.1-all/bzyivzo6n839fup2jbap0tjew/gradle-4.1/lib/commons-io-2.2.jar
7fc040bc6000-7fc040bce000 r--s 000bd000 08:01 8918208                    /home/hayden/.gradle/wrapper/dists/gradle-4.1-all/bzyivzo6n839fup2jbap0tjew/gradle-4.1/lib/asm-debug-all-6.0_ALPHA.jar
7fc040bce000-7fc040bda000 r--s 00053000 08:01 8918204                    /home/hayden/.gradle/wrapper/dists/gradle-4.1-all/bzyivzo6n839fup2jbap0tjew/gradle-4.1/lib/gradle-base-services-4.1.jar
7fc040bda000-7fc040c9c000 rw-p 00000000 00:00 0 
7fc040c9c000-7fc040c9f000 ---p 00000000 00:00 0 
7fc040c9f000-7fc040da1000 rw-p 00000000 00:00 0 
7fc040da1000-7fc040da2000 r--s 00004000 08:01 8918225                    /home/hayden/.gradle/wrapper/dists/gradle-4.1-all/bzyivzo6n839fup2jbap0tjew/gradle-4.1/lib/ant-launcher-1.9.6.jar
7fc040da2000-7fc040dae000 r--s 0005c000 08:01 8918189                    /home/hayden/.gradle/wrapper/dists/gradle-4.1-all/bzyivzo6n839fup2jbap0tjew/gradle-4.1/lib/gradle-launcher-4.1.jar
7fc040dae000-7fc040db6000 rw-s 00000000 08:01 3279456                    /tmp/hsperfdata_hayden/3836
7fc040db6000-7fc040db7000 rw-p 00000000 00:00 0 
7fc040db7000-7fc040db8000 ---p 00000000 00:00 0 
7fc040db8000-7fc040db9000 rw-p 00000000 00:00 0 
7fc040db9000-7fc040dba000 r--p 00025000 08:01 7737828                    /lib/x86_64-linux-gnu/ld-2.23.so
7fc040dba000-7fc040dbb000 rw-p 00026000 08:01 7737828                    /lib/x86_64-linux-gnu/ld-2.23.so
7fc040dbb000-7fc040dbc000 rw-p 00000000 00:00 0 
7ffe1e7bf000-7ffe1e7e0000 rw-p 00000000 00:00 0                          [stack]
7ffe1e7ef000-7ffe1e7f2000 r--p 00000000 00:00 0                          [vvar]
7ffe1e7f2000-7ffe1e7f4000 r-xp 00000000 00:00 0                          [vdso]
ffffffffff600000-ffffffffff601000 r-xp 00000000 00:00 0                  [vsyscall]

VM Arguments:
jvm_args: -Xmx1536M -Dfile.encoding=UTF-8 -Duser.country=US -Duser.language=en -Duser.variant 
java_command: org.gradle.launcher.daemon.bootstrap.GradleDaemon 4.1
java_class_path (initial): /home/hayden/.gradle/wrapper/dists/gradle-4.1-all/bzyivzo6n839fup2jbap0tjew/gradle-4.1/lib/gradle-launcher-4.1.jar
Launcher Type: SUN_STANDARD

Environment Variables:
JAVA_HOME=/home/hayden/android-studio/jre
PATH=/home/hayden/bin:/home/hayden/.local/bin:/usr/local/sbin:/usr/local/bin:/usr/sbin:/usr/bin:/sbin:/bin:/usr/games:/usr/local/games:/snap/bin
LD_LIBRARY_PATH=android-studio/bin:
SHELL=/bin/bash
DISPLAY=:0

Signal Handlers:
SIGSEGV: [libjvm.so+0x9ebc60], sa_mask[0]=11111111011111111101111111111110, sa_flags=SA_RESTART|SA_SIGINFO
SIGBUS: [libjvm.so+0x9ebc60], sa_mask[0]=11111111011111111101111111111110, sa_flags=SA_RESTART|SA_SIGINFO
SIGFPE: [libjvm.so+0x84cf60], sa_mask[0]=11111111011111111101111111111110, sa_flags=SA_RESTART|SA_SIGINFO
SIGPIPE: [libjvm.so+0x84cf60], sa_mask[0]=11111111011111111101111111111110, sa_flags=SA_RESTART|SA_SIGINFO
SIGXFSZ: [libjvm.so+0x84cf60], sa_mask[0]=11111111011111111101111111111110, sa_flags=SA_RESTART|SA_SIGINFO
SIGILL: [libjvm.so+0x84cf60], sa_mask[0]=11111111011111111101111111111110, sa_flags=SA_RESTART|SA_SIGINFO
SIGUSR1: SIG_DFL, sa_mask[0]=00000000000000000000000000000000, sa_flags=none
SIGUSR2: [libjvm.so+0x84ce30], sa_mask[0]=00100000000000000000000000100000, sa_flags=SA_RESTART|SA_SIGINFO
SIGHUP: [libjvm.so+0x84d020], sa_mask[0]=11111111011111111101111111111110, sa_flags=SA_RESTART|SA_SIGINFO
SIGINT: [libjvm.so+0x84d020], sa_mask[0]=11111111011111111101111111111110, sa_flags=SA_RESTART|SA_SIGINFO
SIGTERM: [libjvm.so+0x84d020], sa_mask[0]=11111111011111111101111111111110, sa_flags=SA_RESTART|SA_SIGINFO
SIGQUIT: [libjvm.so+0x84d020], sa_mask[0]=11111111011111111101111111111110, sa_flags=SA_RESTART|SA_SIGINFO


---------------  S Y S T E M  ---------------

OS:DISTRIB_ID=Ubuntu
DISTRIB_RELEASE=16.04
DISTRIB_CODENAME=xenial
DISTRIB_DESCRIPTION="Ubuntu 16.04.4 LTS"

uname:Linux 4.13.0-37-generic #42~16.04.1-Ubuntu SMP Wed Mar 7 16:03:28 UTC 2018 x86_64
libc:glibc 2.23 NPTL 2.23 
rlimit: STACK 8192k, CORE 0k, NPROC 15483, NOFILE 1048576, AS infinity
load average:7.74 4.62 2.99

/proc/meminfo:
MemTotal:        4016440 kB
MemFree:          109372 kB
MemAvailable:      14276 kB
Buffers:             440 kB
Cached:            42636 kB
SwapCached:        13624 kB
Active:          2408280 kB
Inactive:         609568 kB
Active(anon):    2398504 kB
Inactive(anon):   599696 kB
Active(file):       9776 kB
Inactive(file):     9872 kB
Unevictable:          48 kB
Mlocked:              48 kB
SwapTotal:       1046524 kB
SwapFree:             12 kB
Dirty:               192 kB
Writeback:           532 kB
AnonPages:       2961508 kB
Mapped:            27356 kB
Shmem:             23412 kB
Slab:              85308 kB
SReclaimable:      31180 kB
SUnreclaim:        54128 kB
KernelStack:       13104 kB
PageTables:        41384 kB
NFS_Unstable:          0 kB
Bounce:                0 kB
WritebackTmp:          0 kB
CommitLimit:     3054744 kB
Committed_AS:    8786588 kB
VmallocTotal:   34359738367 kB
VmallocUsed:           0 kB
VmallocChunk:          0 kB
HardwareCorrupted:     0 kB
AnonHugePages:    759808 kB
ShmemHugePages:        0 kB
ShmemPmdMapped:        0 kB
CmaTotal:              0 kB
CmaFree:               0 kB
HugePages_Total:       0
HugePages_Free:        0
HugePages_Rsvd:        0
HugePages_Surp:        0
Hugepagesize:       2048 kB
DirectMap4k:       98112 kB
DirectMap2M:     3047424 kB
DirectMap1G:     3145728 kB


CPU:total 2 (initial active 2) (2 cores per cpu, 1 threads per core) family 6 model 60 stepping 3, cmov, cx8, fxsr, mmx, sse, sse2, sse3, ssse3, sse4.1, sse4.2, popcnt, avx, avx2, aes, clmul, erms, lzcnt, tsc, tscinvbit, bmi1, bmi2

/proc/cpuinfo:
processor	: 0
vendor_id	: GenuineIntel
cpu family	: 6
model		: 60
model name	: Intel(R) Core(TM) i7-4700MQ CPU @ 2.40GHz
stepping	: 3
microcode	: 0x1e
cpu MHz		: 2401.000
cache size	: 6144 KB
physical id	: 0
siblings	: 2
core id		: 0
cpu cores	: 2
apicid		: 0
initial apicid	: 0
fpu		: yes
fpu_exception	: yes
cpuid level	: 13
wp		: yes
flags		: fpu vme de pse tsc msr pae mce cx8 apic sep mtrr pge mca cmov pat pse36 clflush mmx fxsr sse sse2 ss ht syscall nx pdpe1gb rdtscp lm constant_tsc arch_perfmon nopl xtopology tsc_reliable nonstop_tsc cpuid pni pclmulqdq vmx ssse3 fma cx16 pcid sse4_1 sse4_2 x2apic movbe popcnt tsc_deadline_timer aes xsave avx f16c rdrand hypervisor lahf_lm abm cpuid_fault invpcid_single pti retpoline tpr_shadow vnmi ept vpid fsgsbase tsc_adjust bmi1 avx2 smep bmi2 invpcid xsaveopt arat
bugs		: cpu_meltdown spectre_v1 spectre_v2
bogomips	: 4802.00
clflush size	: 64
cache_alignment	: 64
address sizes	: 43 bits physical, 48 bits virtual
power management:

processor	: 1
vendor_id	: GenuineIntel
cpu family	: 6
model		: 60
model name	: Intel(R) Core(TM) i7-4700MQ CPU @ 2.40GHz
stepping	: 3
microcode	: 0x1e
cpu MHz		: 2401.000
cache size	: 6144 KB
physical id	: 0
siblings	: 2
core id		: 1
cpu cores	: 2
apicid		: 1
initial apicid	: 1
fpu		: yes
fpu_exception	: yes
cpuid level	: 13
wp		: yes
flags		: fpu vme de pse tsc msr pae mce cx8 apic sep mtrr pge mca cmov pat pse36 clflush mmx fxsr sse sse2 ss ht syscall nx pdpe1gb rdtscp lm constant_tsc arch_perfmon nopl xtopology tsc_reliable nonstop_tsc cpuid pni pclmulqdq vmx ssse3 fma cx16 pcid sse4_1 sse4_2 x2apic movbe popcnt tsc_deadline_timer aes xsave avx f16c rdrand hypervisor lahf_lm abm cpuid_fault invpcid_single pti retpoline tpr_shadow vnmi ept vpid fsgsbase tsc_adjust bmi1 avx2 smep bmi2 invpcid xsaveopt arat
bugs		: cpu_meltdown spectre_v1 spectre_v2
bogomips	: 4802.00
clflush size	: 64
cache_alignment	: 64
address sizes	: 43 bits physical, 48 bits virtual
power management:



Memory: 4k page, physical 4016440k(109372k free), swap 1046524k(12k free)

vm_info: OpenJDK 64-Bit Server VM (25.152-b01) for linux-amd64 JRE (1.8.0_152-release-915-b01), built by "builder" with gcc 4.8.4

time: Tue Mar 27 07:44:53 2018
elapsed time: 5117 seconds (0d 1h 25m 17s)

